{"/home/pranav/infrawrap/src/config.ts": {"path":"/home/pranav/infrawrap/src/config.ts","statementMap":{"0":{"start":{"line":6,"column":0},"end":{"line":6,"column":null}},"1":{"start":{"line":8,"column":28},"end":{"line":17,"column":2}},"2":{"start":{"line":16,"column":22},"end":{"line":16,"column":null}},"3":{"start":{"line":19,"column":29},"end":{"line":25,"column":2}},"4":{"start":{"line":24,"column":23},"end":{"line":24,"column":73}},"5":{"start":{"line":24,"column":51},"end":{"line":24,"column":67}},"6":{"start":{"line":27,"column":23},"end":{"line":31,"column":2}},"7":{"start":{"line":33,"column":30},"end":{"line":35,"column":2}},"8":{"start":{"line":37,"column":30},"end":{"line":43,"column":2}},"9":{"start":{"line":42,"column":22},"end":{"line":42,"column":null}},"10":{"start":{"line":45,"column":28},"end":{"line":51,"column":2}},"11":{"start":{"line":55,"column":29},"end":{"line":55,"column":null}},"12":{"start":{"line":58,"column":2},"end":{"line":58,"column":null}},"13":{"start":{"line":58,"column":15},"end":{"line":58,"column":null}},"14":{"start":{"line":60,"column":2},"end":{"line":84,"column":null}},"15":{"start":{"line":86,"column":2},"end":{"line":86,"column":null}},"16":{"start":{"line":90,"column":8},"end":{"line":90,"column":51}},"17":{"start":{"line":91,"column":2},"end":{"line":91,"column":null}},"18":{"start":{"line":95,"column":2},"end":{"line":95,"column":null}},"19":{"start":{"line":99,"column":8},"end":{"line":99,"column":44}},"20":{"start":{"line":100,"column":2},"end":{"line":100,"column":null}}},"fnMap":{"0":{"name":"(anonymous_0)","decl":{"start":{"line":16,"column":5},"end":{"line":16,"column":16}},"loc":{"start":{"line":16,"column":22},"end":{"line":16,"column":null}},"line":16},"1":{"name":"(anonymous_1)","decl":{"start":{"line":24,"column":5},"end":{"line":24,"column":16}},"loc":{"start":{"line":24,"column":23},"end":{"line":24,"column":73}},"line":24},"2":{"name":"(anonymous_2)","decl":{"start":{"line":24,"column":40},"end":{"line":24,"column":45}},"loc":{"start":{"line":24,"column":51},"end":{"line":24,"column":67}},"line":24},"3":{"name":"(anonymous_3)","decl":{"start":{"line":42,"column":5},"end":{"line":42,"column":16}},"loc":{"start":{"line":42,"column":22},"end":{"line":42,"column":null}},"line":42},"4":{"name":"getConfig","decl":{"start":{"line":57,"column":16},"end":{"line":57,"column":36}},"loc":{"start":{"line":57,"column":36},"end":{"line":86,"column":null}},"line":57},"5":{"name":"getProjectRoot","decl":{"start":{"line":89,"column":16},"end":{"line":89,"column":41}},"loc":{"start":{"line":89,"column":41},"end":{"line":91,"column":null}},"line":89},"6":{"name":"getPoliciesDir","decl":{"start":{"line":94,"column":16},"end":{"line":94,"column":41}},"loc":{"start":{"line":94,"column":41},"end":{"line":95,"column":null}},"line":94},"7":{"name":"getDataDir","decl":{"start":{"line":98,"column":16},"end":{"line":98,"column":37}},"loc":{"start":{"line":98,"column":37},"end":{"line":100,"column":null}},"line":98}},"branchMap":{"0":{"loc":{"start":{"line":24,"column":23},"end":{"line":24,"column":73}},"type":"cond-expr","locations":[{"start":{"line":24,"column":27},"end":{"line":24,"column":68}},{"start":{"line":24,"column":71},"end":{"line":24,"column":73}}],"line":24},"1":{"loc":{"start":{"line":58,"column":2},"end":{"line":58,"column":null}},"type":"if","locations":[{"start":{"line":58,"column":2},"end":{"line":58,"column":null}},{"start":{},"end":{}}],"line":58}},"s":{"0":10,"1":10,"2":10,"3":10,"4":10,"5":3,"6":10,"7":10,"8":10,"9":10,"10":10,"11":10,"12":11,"13":1,"14":10,"15":10,"16":0,"17":0,"18":0,"19":0,"20":0},"f":{"0":10,"1":10,"2":3,"3":10,"4":11,"5":0,"6":0,"7":0},"b":{"0":[1,9],"1":[1,10]},"meta":{"lastBranch":2,"lastFunction":8,"lastStatement":21,"seen":{"s:6:0:6:Infinity":0,"s:8:28:17:2":1,"f:16:5:16:16":0,"s:16:22:16:Infinity":2,"s:19:29:25:2":3,"f:24:5:24:16":1,"s:24:23:24:73":4,"b:24:27:24:68:24:71:24:73":0,"f:24:40:24:45":2,"s:24:51:24:67":5,"s:27:23:31:2":6,"s:33:30:35:2":7,"s:37:30:43:2":8,"f:42:5:42:16":3,"s:42:22:42:Infinity":9,"s:45:28:51:2":10,"s:55:29:55:Infinity":11,"f:57:16:57:36":4,"b:58:2:58:Infinity:undefined:undefined:undefined:undefined":1,"s:58:2:58:Infinity":12,"s:58:15:58:Infinity":13,"s:60:2:84:Infinity":14,"s:86:2:86:Infinity":15,"f:89:16:89:41":5,"s:90:8:90:51":16,"s:91:2:91:Infinity":17,"f:94:16:94:41":6,"s:95:2:95:Infinity":18,"f:98:16:98:37":7,"s:99:8:99:44":19,"s:100:2:100:Infinity":20}}}
,"/home/pranav/infrawrap/src/types.ts": {"path":"/home/pranav/infrawrap/src/types.ts","statementMap":{},"fnMap":{},"branchMap":{},"s":{},"f":{},"b":{},"meta":{"lastBranch":0,"lastFunction":0,"lastStatement":0,"seen":{}}}
,"/home/pranav/infrawrap/src/agent/core.ts": {"path":"/home/pranav/infrawrap/src/agent/core.ts","statementMap":{"0":{"start":{"line":60,"column":4},"end":{"line":60,"column":null}},"1":{"start":{"line":70,"column":4},"end":{"line":70,"column":null}},"2":{"start":{"line":71,"column":4},"end":{"line":71,"column":null}},"3":{"start":{"line":72,"column":4},"end":{"line":72,"column":null}},"4":{"start":{"line":73,"column":4},"end":{"line":73,"column":null}},"5":{"start":{"line":75,"column":4},"end":{"line":75,"column":null}},"6":{"start":{"line":76,"column":4},"end":{"line":80,"column":null}},"7":{"start":{"line":81,"column":4},"end":{"line":81,"column":null}},"8":{"start":{"line":82,"column":4},"end":{"line":82,"column":null}},"9":{"start":{"line":83,"column":4},"end":{"line":83,"column":null}},"10":{"start":{"line":90,"column":22},"end":{"line":90,"column":32}},"11":{"start":{"line":91,"column":29},"end":{"line":91,"column":31}},"12":{"start":{"line":92,"column":34},"end":{"line":92,"column":36}},"13":{"start":{"line":93,"column":18},"end":{"line":93,"column":null}},"14":{"start":{"line":94,"column":25},"end":{"line":94,"column":null}},"15":{"start":{"line":95,"column":22},"end":{"line":95,"column":null}},"16":{"start":{"line":98,"column":25},"end":{"line":98,"column":66}},"17":{"start":{"line":101,"column":21},"end":{"line":101,"column":65}},"18":{"start":{"line":104,"column":45},"end":{"line":109,"column":null}},"19":{"start":{"line":112,"column":4},"end":{"line":125,"column":null}},"20":{"start":{"line":113,"column":6},"end":{"line":113,"column":null}},"21":{"start":{"line":115,"column":21},"end":{"line":115,"column":69}},"22":{"start":{"line":116,"column":6},"end":{"line":125,"column":null}},"23":{"start":{"line":129,"column":4},"end":{"line":145,"column":null}},"24":{"start":{"line":138,"column":38},"end":{"line":143,"column":null}},"25":{"start":{"line":148,"column":4},"end":{"line":182,"column":null}},"26":{"start":{"line":149,"column":6},"end":{"line":153,"column":null}},"27":{"start":{"line":155,"column":28},"end":{"line":155,"column":null}},"28":{"start":{"line":156,"column":27},"end":{"line":160,"column":null}},"29":{"start":{"line":159,"column":31},"end":{"line":159,"column":105}},"30":{"start":{"line":163,"column":6},"end":{"line":174,"column":null}},"31":{"start":{"line":164,"column":8},"end":{"line":164,"column":null}},"32":{"start":{"line":165,"column":8},"end":{"line":174,"column":null}},"33":{"start":{"line":177,"column":6},"end":{"line":177,"column":null}},"34":{"start":{"line":178,"column":6},"end":{"line":182,"column":null}},"35":{"start":{"line":185,"column":4},"end":{"line":185,"column":null}},"36":{"start":{"line":188,"column":21},"end":{"line":188,"column":38}},"37":{"start":{"line":189,"column":21},"end":{"line":189,"column":null}},"38":{"start":{"line":191,"column":4},"end":{"line":385,"column":null}},"39":{"start":{"line":193,"column":25},"end":{"line":196,"column":null}},"40":{"start":{"line":195,"column":10},"end":{"line":196,"column":56}},"41":{"start":{"line":196,"column":38},"end":{"line":196,"column":55}},"42":{"start":{"line":199,"column":6},"end":{"line":201,"column":null}},"43":{"start":{"line":201,"column":8},"end":{"line":201,"column":null}},"44":{"start":{"line":205,"column":6},"end":{"line":372,"column":null}},"45":{"start":{"line":206,"column":8},"end":{"line":206,"column":null}},"46":{"start":{"line":209,"column":8},"end":{"line":209,"column":null}},"47":{"start":{"line":210,"column":23},"end":{"line":210,"column":86}},"48":{"start":{"line":211,"column":8},"end":{"line":211,"column":null}},"49":{"start":{"line":214,"column":8},"end":{"line":221,"column":null}},"50":{"start":{"line":223,"column":8},"end":{"line":372,"column":null}},"51":{"start":{"line":224,"column":10},"end":{"line":224,"column":null}},"52":{"start":{"line":225,"column":10},"end":{"line":225,"column":null}},"53":{"start":{"line":226,"column":10},"end":{"line":226,"column":null}},"54":{"start":{"line":229,"column":10},"end":{"line":248,"column":null}},"55":{"start":{"line":230,"column":12},"end":{"line":234,"column":null}},"56":{"start":{"line":236,"column":12},"end":{"line":236,"column":null}},"57":{"start":{"line":237,"column":12},"end":{"line":237,"column":null}},"58":{"start":{"line":239,"column":12},"end":{"line":248,"column":null}},"59":{"start":{"line":252,"column":10},"end":{"line":333,"column":null}},"60":{"start":{"line":254,"column":14},"end":{"line":254,"column":55}},"61":{"start":{"line":255,"column":51},"end":{"line":261,"column":null}},"62":{"start":{"line":263,"column":28},"end":{"line":267,"column":null}},"63":{"start":{"line":270,"column":12},"end":{"line":270,"column":null}},"64":{"start":{"line":272,"column":12},"end":{"line":290,"column":null}},"65":{"start":{"line":283,"column":49},"end":{"line":288,"column":null}},"66":{"start":{"line":292,"column":12},"end":{"line":307,"column":null}},"67":{"start":{"line":294,"column":14},"end":{"line":294,"column":null}},"68":{"start":{"line":295,"column":14},"end":{"line":297,"column":null}},"69":{"start":{"line":298,"column":14},"end":{"line":307,"column":null}},"70":{"start":{"line":311,"column":12},"end":{"line":311,"column":null}},"71":{"start":{"line":312,"column":12},"end":{"line":312,"column":null}},"72":{"start":{"line":313,"column":12},"end":{"line":313,"column":null}},"73":{"start":{"line":314,"column":12},"end":{"line":314,"column":null}},"74":{"start":{"line":317,"column":14},"end":{"line":319,"column":35}},"75":{"start":{"line":320,"column":12},"end":{"line":320,"column":null}},"76":{"start":{"line":321,"column":12},"end":{"line":321,"column":null}},"77":{"start":{"line":322,"column":12},"end":{"line":322,"column":null}},"78":{"start":{"line":324,"column":12},"end":{"line":333,"column":null}},"79":{"start":{"line":337,"column":10},"end":{"line":337,"column":null}},"80":{"start":{"line":338,"column":10},"end":{"line":338,"column":null}},"81":{"start":{"line":339,"column":10},"end":{"line":339,"column":null}},"82":{"start":{"line":342,"column":10},"end":{"line":372,"column":null}},"83":{"start":{"line":344,"column":14},"end":{"line":344,"column":55}},"84":{"start":{"line":345,"column":51},"end":{"line":349,"column":null}},"85":{"start":{"line":352,"column":12},"end":{"line":370,"column":null}},"86":{"start":{"line":354,"column":14},"end":{"line":354,"column":null}},"87":{"start":{"line":355,"column":14},"end":{"line":355,"column":null}},"88":{"start":{"line":356,"column":14},"end":{"line":356,"column":null}},"89":{"start":{"line":357,"column":37},"end":{"line":357,"column":null}},"90":{"start":{"line":358,"column":14},"end":{"line":358,"column":null}},"91":{"start":{"line":361,"column":14},"end":{"line":370,"column":null}},"92":{"start":{"line":379,"column":22},"end":{"line":383,"column":null}},"93":{"start":{"line":381,"column":10},"end":{"line":383,"column":null}},"94":{"start":{"line":385,"column":6},"end":{"line":385,"column":null}},"95":{"start":{"line":385,"column":19},"end":{"line":385,"column":null}},"96":{"start":{"line":389,"column":25},"end":{"line":390,"column":null}},"97":{"start":{"line":390,"column":13},"end":{"line":390,"column":null}},"98":{"start":{"line":392,"column":4},"end":{"line":392,"column":null}},"99":{"start":{"line":395,"column":4},"end":{"line":395,"column":null}},"100":{"start":{"line":397,"column":4},"end":{"line":406,"column":null}},"101":{"start":{"line":413,"column":4},"end":{"line":417,"column":null}},"102":{"start":{"line":419,"column":25},"end":{"line":419,"column":66}},"103":{"start":{"line":420,"column":25},"end":{"line":420,"column":53}},"104":{"start":{"line":423,"column":60},"end":{"line":423,"column":62}},"105":{"start":{"line":425,"column":42},"end":{"line":430,"column":null}},"106":{"start":{"line":432,"column":26},"end":{"line":432,"column":79}},"107":{"start":{"line":434,"column":4},"end":{"line":443,"column":null}},"108":{"start":{"line":445,"column":4},"end":{"line":445,"column":null}},"109":{"start":{"line":454,"column":4},"end":{"line":454,"column":null}},"110":{"start":{"line":454,"column":26},"end":{"line":454,"column":null}},"111":{"start":{"line":456,"column":4},"end":{"line":460,"column":null}},"112":{"start":{"line":457,"column":28},"end":{"line":458,"column":null}},"113":{"start":{"line":458,"column":15},"end":{"line":458,"column":null}},"114":{"start":{"line":460,"column":6},"end":{"line":460,"column":null}},"115":{"start":{"line":460,"column":26},"end":{"line":460,"column":null}},"116":{"start":{"line":463,"column":4},"end":{"line":463,"column":null}},"117":{"start":{"line":467,"column":4},"end":{"line":469,"column":null}},"118":{"start":{"line":468,"column":6},"end":{"line":469,"column":null}},"119":{"start":{"line":469,"column":8},"end":{"line":469,"column":null}},"120":{"start":{"line":479,"column":4},"end":{"line":508,"column":null}},"121":{"start":{"line":480,"column":6},"end":{"line":505,"column":null}},"122":{"start":{"line":481,"column":8},"end":{"line":491,"column":null}},"123":{"start":{"line":493,"column":28},"end":{"line":493,"column":75}},"124":{"start":{"line":493,"column":53},"end":{"line":493,"column":75}},"125":{"start":{"line":494,"column":8},"end":{"line":505,"column":null}},"126":{"start":{"line":495,"column":10},"end":{"line":505,"column":null}},"127":{"start":{"line":514,"column":4},"end":{"line":529,"column":null}}},"fnMap":{"0":{"name":"(anonymous_0)","decl":{"start":{"line":59,"column":6},"end":{"line":59,"column":27}},"loc":{"start":{"line":59,"column":27},"end":{"line":60,"column":null}},"line":59},"1":{"name":"(anonymous_1)","decl":{"start":{"line":69,"column":2},"end":{"line":69,"column":14}},"loc":{"start":{"line":69,"column":41},"end":{"line":83,"column":null}},"line":69},"2":{"name":"(anonymous_2)","decl":{"start":{"line":89,"column":8},"end":{"line":89,"column":12}},"loc":{"start":{"line":89,"column":49},"end":{"line":406,"column":null}},"line":89},"3":{"name":"(anonymous_3)","decl":{"start":{"line":138,"column":26},"end":{"line":138,"column":31}},"loc":{"start":{"line":138,"column":38},"end":{"line":143,"column":null}},"line":138},"4":{"name":"(anonymous_4)","decl":{"start":{"line":159,"column":19},"end":{"line":159,"column":24}},"loc":{"start":{"line":159,"column":31},"end":{"line":159,"column":105}},"line":159},"5":{"name":"(anonymous_5)","decl":{"start":{"line":193,"column":42},"end":{"line":193,"column":null}},"loc":{"start":{"line":195,"column":10},"end":{"line":196,"column":56}},"line":195},"6":{"name":"(anonymous_6)","decl":{"start":{"line":196,"column":23},"end":{"line":196,"column":30}},"loc":{"start":{"line":196,"column":38},"end":{"line":196,"column":55}},"line":196},"7":{"name":"(anonymous_7)","decl":{"start":{"line":283,"column":37},"end":{"line":283,"column":42}},"loc":{"start":{"line":283,"column":49},"end":{"line":288,"column":null}},"line":283},"8":{"name":"(anonymous_8)","decl":{"start":{"line":379,"column":39},"end":{"line":379,"column":null}},"loc":{"start":{"line":381,"column":10},"end":{"line":383,"column":null}},"line":381},"9":{"name":"(anonymous_9)","decl":{"start":{"line":389,"column":42},"end":{"line":389,"column":null}},"loc":{"start":{"line":390,"column":13},"end":{"line":390,"column":null}},"line":390},"10":{"name":"(anonymous_10)","decl":{"start":{"line":412,"column":8},"end":{"line":412,"column":20}},"loc":{"start":{"line":412,"column":61},"end":{"line":445,"column":null}},"line":412},"11":{"name":"(anonymous_11)","decl":{"start":{"line":450,"column":2},"end":{"line":450,"column":10}},"loc":{"start":{"line":450,"column":70},"end":{"line":463,"column":null}},"line":450},"12":{"name":"(anonymous_12)","decl":{"start":{"line":457,"column":39},"end":{"line":457,"column":null}},"loc":{"start":{"line":458,"column":15},"end":{"line":458,"column":null}},"line":458},"13":{"name":"(anonymous_13)","decl":{"start":{"line":466,"column":2},"end":{"line":466,"column":10}},"loc":{"start":{"line":466,"column":70},"end":{"line":469,"column":null}},"line":466},"14":{"name":"(anonymous_14)","decl":{"start":{"line":474,"column":2},"end":{"line":474,"column":10}},"loc":{"start":{"line":478,"column":10},"end":{"line":508,"column":null}},"line":478},"15":{"name":"(anonymous_15)","decl":{"start":{"line":493,"column":39},"end":{"line":493,"column":47}},"loc":{"start":{"line":493,"column":53},"end":{"line":493,"column":75}},"line":493},"16":{"name":"(anonymous_16)","decl":{"start":{"line":513,"column":2},"end":{"line":513,"column":10}},"loc":{"start":{"line":513,"column":42},"end":{"line":529,"column":null}},"line":513}},"branchMap":{"0":{"loc":{"start":{"line":115,"column":21},"end":{"line":115,"column":69}},"type":"cond-expr","locations":[{"start":{"line":115,"column":44},"end":{"line":115,"column":58}},{"start":{"line":115,"column":58},"end":{"line":115,"column":69}}],"line":115},"1":{"loc":{"start":{"line":148,"column":4},"end":{"line":182,"column":null}},"type":"if","locations":[{"start":{"line":148,"column":4},"end":{"line":182,"column":null}},{"start":{},"end":{}}],"line":148},"2":{"loc":{"start":{"line":163,"column":6},"end":{"line":174,"column":null}},"type":"if","locations":[{"start":{"line":163,"column":6},"end":{"line":174,"column":null}},{"start":{},"end":{}}],"line":163},"3":{"loc":{"start":{"line":195,"column":10},"end":{"line":196,"column":56}},"type":"binary-expr","locations":[{"start":{"line":195,"column":10},"end":{"line":195,"column":null}},{"start":{"line":196,"column":10},"end":{"line":196,"column":56}}],"line":195},"4":{"loc":{"start":{"line":199,"column":6},"end":{"line":201,"column":null}},"type":"if","locations":[{"start":{"line":199,"column":6},"end":{"line":201,"column":null}},{"start":{},"end":{}}],"line":199},"5":{"loc":{"start":{"line":223,"column":8},"end":{"line":372,"column":null}},"type":"if","locations":[{"start":{"line":223,"column":8},"end":{"line":372,"column":null}},{"start":{"line":335,"column":15},"end":{"line":372,"column":null}}],"line":223},"6":{"loc":{"start":{"line":226,"column":22},"end":{"line":226,"column":63}},"type":"binary-expr","locations":[{"start":{"line":226,"column":22},"end":{"line":226,"column":38}},{"start":{"line":226,"column":38},"end":{"line":226,"column":63}}],"line":226},"7":{"loc":{"start":{"line":229,"column":10},"end":{"line":248,"column":null}},"type":"if","locations":[{"start":{"line":229,"column":10},"end":{"line":248,"column":null}},{"start":{},"end":{}}],"line":229},"8":{"loc":{"start":{"line":266,"column":14},"end":{"line":266,"column":null}},"type":"binary-expr","locations":[{"start":{"line":266,"column":14},"end":{"line":266,"column":30}},{"start":{"line":266,"column":30},"end":{"line":266,"column":null}}],"line":266},"9":{"loc":{"start":{"line":292,"column":12},"end":{"line":307,"column":null}},"type":"if","locations":[{"start":{"line":292,"column":12},"end":{"line":307,"column":null}},{"start":{},"end":{}}],"line":292},"10":{"loc":{"start":{"line":317,"column":14},"end":{"line":319,"column":35}},"type":"cond-expr","locations":[{"start":{"line":318,"column":18},"end":{"line":318,"column":null}},{"start":{"line":319,"column":18},"end":{"line":319,"column":35}}],"line":317},"11":{"loc":{"start":{"line":352,"column":12},"end":{"line":370,"column":null}},"type":"if","locations":[{"start":{"line":352,"column":12},"end":{"line":370,"column":null}},{"start":{},"end":{}}],"line":352},"12":{"loc":{"start":{"line":381,"column":10},"end":{"line":383,"column":null}},"type":"binary-expr","locations":[{"start":{"line":381,"column":10},"end":{"line":381,"column":null}},{"start":{"line":382,"column":10},"end":{"line":382,"column":null}},{"start":{"line":383,"column":10},"end":{"line":383,"column":null}}],"line":381},"13":{"loc":{"start":{"line":385,"column":6},"end":{"line":385,"column":null}},"type":"if","locations":[{"start":{"line":385,"column":6},"end":{"line":385,"column":null}},{"start":{},"end":{}}],"line":385},"14":{"loc":{"start":{"line":392,"column":24},"end":{"line":392,"column":null}},"type":"cond-expr","locations":[{"start":{"line":392,"column":39},"end":{"line":392,"column":53}},{"start":{"line":392,"column":53},"end":{"line":392,"column":null}}],"line":392},"15":{"loc":{"start":{"line":454,"column":4},"end":{"line":454,"column":null}},"type":"if","locations":[{"start":{"line":454,"column":4},"end":{"line":454,"column":null}},{"start":{},"end":{}}],"line":454},"16":{"loc":{"start":{"line":456,"column":4},"end":{"line":460,"column":null}},"type":"if","locations":[{"start":{"line":456,"column":4},"end":{"line":460,"column":null}},{"start":{},"end":{}}],"line":456},"17":{"loc":{"start":{"line":460,"column":6},"end":{"line":460,"column":null}},"type":"if","locations":[{"start":{"line":460,"column":6},"end":{"line":460,"column":null}},{"start":{},"end":{}}],"line":460},"18":{"loc":{"start":{"line":468,"column":6},"end":{"line":469,"column":null}},"type":"if","locations":[{"start":{"line":468,"column":6},"end":{"line":469,"column":null}},{"start":{},"end":{}}],"line":468},"19":{"loc":{"start":{"line":468,"column":10},"end":{"line":468,"column":61}},"type":"binary-expr","locations":[{"start":{"line":468,"column":10},"end":{"line":468,"column":39}},{"start":{"line":468,"column":39},"end":{"line":468,"column":61}}],"line":468},"20":{"loc":{"start":{"line":480,"column":6},"end":{"line":505,"column":null}},"type":"if","locations":[{"start":{"line":480,"column":6},"end":{"line":505,"column":null}},{"start":{"line":492,"column":13},"end":{"line":505,"column":null}}],"line":480},"21":{"loc":{"start":{"line":497,"column":40},"end":{"line":497,"column":null}},"type":"binary-expr","locations":[{"start":{"line":497,"column":40},"end":{"line":497,"column":72}},{"start":{"line":497,"column":76},"end":{"line":497,"column":null}}],"line":497}},"s":{"0":4,"1":12,"2":12,"3":12,"4":12,"5":12,"6":12,"7":12,"8":12,"9":12,"10":9,"11":9,"12":9,"13":9,"14":9,"15":9,"16":9,"17":9,"18":9,"19":9,"20":9,"21":1,"22":1,"23":8,"24":8,"25":8,"26":1,"27":1,"28":1,"29":1,"30":1,"31":1,"32":1,"33":0,"34":0,"35":7,"36":7,"37":7,"38":7,"39":7,"40":7,"41":0,"42":7,"43":0,"44":7,"45":7,"46":7,"47":7,"48":7,"49":7,"50":7,"51":2,"52":2,"53":2,"54":2,"55":1,"56":1,"57":1,"58":1,"59":1,"60":1,"61":1,"62":1,"63":1,"64":1,"65":0,"66":1,"67":1,"68":1,"69":1,"70":0,"71":0,"72":0,"73":0,"74":0,"75":0,"76":0,"77":0,"78":0,"79":5,"80":5,"81":5,"82":5,"83":5,"84":5,"85":5,"86":1,"87":1,"88":1,"89":1,"90":1,"91":1,"92":5,"93":5,"94":5,"95":5,"96":5,"97":5,"98":5,"99":9,"100":9,"101":2,"102":2,"103":2,"104":2,"105":2,"106":2,"107":2,"108":2,"109":8,"110":6,"111":2,"112":2,"113":2,"114":2,"115":1,"116":1,"117":1,"118":1,"119":0,"120":5,"121":5,"122":4,"123":1,"124":1,"125":1,"126":1,"127":1},"f":{"0":4,"1":12,"2":9,"3":8,"4":1,"5":7,"6":0,"7":0,"8":5,"9":5,"10":2,"11":8,"12":2,"13":1,"14":5,"15":1,"16":1},"b":{"0":[1,0],"1":[1,7],"2":[1,0],"3":[7,7],"4":[0,7],"5":[2,5],"6":[2,0],"7":[1,1],"8":[1,0],"9":[1,0],"10":[0,0],"11":[1,4],"12":[5,1,0],"13":[5,0],"14":[4,1],"15":[6,2],"16":[2,0],"17":[1,1],"18":[0,1],"19":[1,0],"20":[4,1],"21":[1,1]},"meta":{"lastBranch":22,"lastFunction":17,"lastStatement":128,"seen":{"f:59:6:59:27":0,"s:60:4:60:Infinity":0,"f:69:2:69:14":1,"s:70:4:70:Infinity":1,"s:71:4:71:Infinity":2,"s:72:4:72:Infinity":3,"s:73:4:73:Infinity":4,"s:75:4:75:Infinity":5,"s:76:4:80:Infinity":6,"s:81:4:81:Infinity":7,"s:82:4:82:Infinity":8,"s:83:4:83:Infinity":9,"f:89:8:89:12":2,"s:90:22:90:32":10,"s:91:29:91:31":11,"s:92:34:92:36":12,"s:93:18:93:Infinity":13,"s:94:25:94:Infinity":14,"s:95:22:95:Infinity":15,"s:98:25:98:66":16,"s:101:21:101:65":17,"s:104:45:109:Infinity":18,"s:112:4:125:Infinity":19,"s:113:6:113:Infinity":20,"s:115:21:115:69":21,"b:115:44:115:58:115:58:115:69":0,"s:116:6:125:Infinity":22,"s:129:4:145:Infinity":23,"f:138:26:138:31":3,"s:138:38:143:Infinity":24,"b:148:4:182:Infinity:undefined:undefined:undefined:undefined":1,"s:148:4:182:Infinity":25,"s:149:6:153:Infinity":26,"s:155:28:155:Infinity":27,"s:156:27:160:Infinity":28,"f:159:19:159:24":4,"s:159:31:159:105":29,"b:163:6:174:Infinity:undefined:undefined:undefined:undefined":2,"s:163:6:174:Infinity":30,"s:164:8:164:Infinity":31,"s:165:8:174:Infinity":32,"s:177:6:177:Infinity":33,"s:178:6:182:Infinity":34,"s:185:4:185:Infinity":35,"s:188:21:188:38":36,"s:189:21:189:Infinity":37,"s:191:4:385:Infinity":38,"s:193:25:196:Infinity":39,"f:193:42:193:Infinity":5,"s:195:10:196:56":40,"b:195:10:195:Infinity:196:10:196:56":3,"f:196:23:196:30":6,"s:196:38:196:55":41,"b:199:6:201:Infinity:undefined:undefined:undefined:undefined":4,"s:199:6:201:Infinity":42,"s:201:8:201:Infinity":43,"s:205:6:372:Infinity":44,"s:206:8:206:Infinity":45,"s:209:8:209:Infinity":46,"s:210:23:210:86":47,"s:211:8:211:Infinity":48,"s:214:8:221:Infinity":49,"b:223:8:372:Infinity:335:15:372:Infinity":5,"s:223:8:372:Infinity":50,"s:224:10:224:Infinity":51,"s:225:10:225:Infinity":52,"s:226:10:226:Infinity":53,"b:226:22:226:38:226:38:226:63":6,"b:229:10:248:Infinity:undefined:undefined:undefined:undefined":7,"s:229:10:248:Infinity":54,"s:230:12:234:Infinity":55,"s:236:12:236:Infinity":56,"s:237:12:237:Infinity":57,"s:239:12:248:Infinity":58,"s:252:10:333:Infinity":59,"s:254:14:254:55":60,"s:255:51:261:Infinity":61,"s:263:28:267:Infinity":62,"b:266:14:266:30:266:30:266:Infinity":8,"s:270:12:270:Infinity":63,"s:272:12:290:Infinity":64,"f:283:37:283:42":7,"s:283:49:288:Infinity":65,"b:292:12:307:Infinity:undefined:undefined:undefined:undefined":9,"s:292:12:307:Infinity":66,"s:294:14:294:Infinity":67,"s:295:14:297:Infinity":68,"s:298:14:307:Infinity":69,"s:311:12:311:Infinity":70,"s:312:12:312:Infinity":71,"s:313:12:313:Infinity":72,"s:314:12:314:Infinity":73,"s:317:14:319:35":74,"b:318:18:318:Infinity:319:18:319:35":10,"s:320:12:320:Infinity":75,"s:321:12:321:Infinity":76,"s:322:12:322:Infinity":77,"s:324:12:333:Infinity":78,"s:337:10:337:Infinity":79,"s:338:10:338:Infinity":80,"s:339:10:339:Infinity":81,"s:342:10:372:Infinity":82,"s:344:14:344:55":83,"s:345:51:349:Infinity":84,"b:352:12:370:Infinity:undefined:undefined:undefined:undefined":11,"s:352:12:370:Infinity":85,"s:354:14:354:Infinity":86,"s:355:14:355:Infinity":87,"s:356:14:356:Infinity":88,"s:357:37:357:Infinity":89,"s:358:14:358:Infinity":90,"s:361:14:370:Infinity":91,"s:379:22:383:Infinity":92,"f:379:39:379:Infinity":8,"s:381:10:383:Infinity":93,"b:381:10:381:Infinity:382:10:382:Infinity:383:10:383:Infinity":12,"b:385:6:385:Infinity:undefined:undefined:undefined:undefined":13,"s:385:6:385:Infinity":94,"s:385:19:385:Infinity":95,"s:389:25:390:Infinity":96,"f:389:42:389:Infinity":9,"s:390:13:390:Infinity":97,"s:392:4:392:Infinity":98,"b:392:39:392:53:392:53:392:Infinity":14,"s:395:4:395:Infinity":99,"s:397:4:406:Infinity":100,"f:412:8:412:20":10,"s:413:4:417:Infinity":101,"s:419:25:419:66":102,"s:420:25:420:53":103,"s:423:60:423:62":104,"s:425:42:430:Infinity":105,"s:432:26:432:79":106,"s:434:4:443:Infinity":107,"s:445:4:445:Infinity":108,"f:450:2:450:10":11,"b:454:4:454:Infinity:undefined:undefined:undefined:undefined":15,"s:454:4:454:Infinity":109,"s:454:26:454:Infinity":110,"b:456:4:460:Infinity:undefined:undefined:undefined:undefined":16,"s:456:4:460:Infinity":111,"s:457:28:458:Infinity":112,"f:457:39:457:Infinity":12,"s:458:15:458:Infinity":113,"b:460:6:460:Infinity:undefined:undefined:undefined:undefined":17,"s:460:6:460:Infinity":114,"s:460:26:460:Infinity":115,"s:463:4:463:Infinity":116,"f:466:2:466:10":13,"s:467:4:469:Infinity":117,"b:468:6:469:Infinity:undefined:undefined:undefined:undefined":18,"s:468:6:469:Infinity":118,"b:468:10:468:39:468:39:468:61":19,"s:469:8:469:Infinity":119,"f:474:2:474:10":14,"s:479:4:508:Infinity":120,"b:480:6:505:Infinity:492:13:505:Infinity":20,"s:480:6:505:Infinity":121,"s:481:8:491:Infinity":122,"s:493:28:493:75":123,"f:493:39:493:47":15,"s:493:53:493:75":124,"s:494:8:505:Infinity":125,"s:495:10:505:Infinity":126,"b:497:40:497:72:497:76:497:Infinity":21,"f:513:2:513:10":16,"s:514:4:529:Infinity":127}}}
,"/home/pranav/infrawrap/src/agent/events.ts": {"path":"/home/pranav/infrawrap/src/agent/events.ts","statementMap":{"0":{"start":{"line":8,"column":20},"end":{"line":8,"column":null}},"1":{"start":{"line":11,"column":69},"end":{"line":11,"column":78}},"2":{"start":{"line":12,"column":34},"end":{"line":12,"column":36}},"3":{"start":{"line":18,"column":14},"end":{"line":18,"column":38}},"4":{"start":{"line":19,"column":4},"end":{"line":21,"column":null}},"5":{"start":{"line":20,"column":6},"end":{"line":20,"column":null}},"6":{"start":{"line":21,"column":6},"end":{"line":21,"column":null}},"7":{"start":{"line":23,"column":4},"end":{"line":23,"column":null}},"8":{"start":{"line":30,"column":16},"end":{"line":30,"column":40}},"9":{"start":{"line":31,"column":4},"end":{"line":34,"column":null}},"10":{"start":{"line":32,"column":6},"end":{"line":32,"column":null}},"11":{"start":{"line":33,"column":6},"end":{"line":34,"column":null}},"12":{"start":{"line":34,"column":8},"end":{"line":34,"column":null}},"13":{"start":{"line":45,"column":4},"end":{"line":45,"column":null}},"14":{"start":{"line":46,"column":4},"end":{"line":47,"column":null}},"15":{"start":{"line":47,"column":6},"end":{"line":47,"column":null}},"16":{"start":{"line":51,"column":26},"end":{"line":51,"column":56}},"17":{"start":{"line":52,"column":4},"end":{"line":57,"column":null}},"18":{"start":{"line":53,"column":6},"end":{"line":57,"column":null}},"19":{"start":{"line":54,"column":8},"end":{"line":57,"column":null}},"20":{"start":{"line":55,"column":10},"end":{"line":55,"column":null}},"21":{"start":{"line":57,"column":10},"end":{"line":57,"column":null}},"22":{"start":{"line":63,"column":30},"end":{"line":63,"column":53}},"23":{"start":{"line":64,"column":4},"end":{"line":69,"column":null}},"24":{"start":{"line":65,"column":6},"end":{"line":69,"column":null}},"25":{"start":{"line":66,"column":8},"end":{"line":69,"column":null}},"26":{"start":{"line":67,"column":10},"end":{"line":67,"column":null}},"27":{"start":{"line":69,"column":10},"end":{"line":69,"column":null}},"28":{"start":{"line":79,"column":4},"end":{"line":80,"column":null}},"29":{"start":{"line":80,"column":6},"end":{"line":80,"column":null}},"30":{"start":{"line":82,"column":4},"end":{"line":82,"column":null}}},"fnMap":{"0":{"name":"(anonymous_0)","decl":{"start":{"line":17,"column":2},"end":{"line":17,"column":5}},"loc":{"start":{"line":17,"column":64},"end":{"line":23,"column":null}},"line":17},"1":{"name":"(anonymous_1)","decl":{"start":{"line":29,"column":2},"end":{"line":29,"column":6}},"loc":{"start":{"line":29,"column":65},"end":{"line":34,"column":null}},"line":29},"2":{"name":"(anonymous_2)","decl":{"start":{"line":43,"column":2},"end":{"line":43,"column":7}},"loc":{"start":{"line":43,"column":32},"end":{"line":69,"column":null}},"line":43},"3":{"name":"(anonymous_3)","decl":{"start":{"line":78,"column":2},"end":{"line":78,"column":13}},"loc":{"start":{"line":78,"column":43},"end":{"line":82,"column":null}},"line":78}},"branchMap":{"0":{"loc":{"start":{"line":19,"column":4},"end":{"line":21,"column":null}},"type":"if","locations":[{"start":{"line":19,"column":4},"end":{"line":21,"column":null}},{"start":{},"end":{}}],"line":19},"1":{"loc":{"start":{"line":31,"column":4},"end":{"line":34,"column":null}},"type":"if","locations":[{"start":{"line":31,"column":4},"end":{"line":34,"column":null}},{"start":{},"end":{}}],"line":31},"2":{"loc":{"start":{"line":33,"column":6},"end":{"line":34,"column":null}},"type":"if","locations":[{"start":{"line":33,"column":6},"end":{"line":34,"column":null}},{"start":{},"end":{}}],"line":33},"3":{"loc":{"start":{"line":46,"column":4},"end":{"line":47,"column":null}},"type":"if","locations":[{"start":{"line":46,"column":4},"end":{"line":47,"column":null}},{"start":{},"end":{}}],"line":46},"4":{"loc":{"start":{"line":52,"column":4},"end":{"line":57,"column":null}},"type":"if","locations":[{"start":{"line":52,"column":4},"end":{"line":57,"column":null}},{"start":{},"end":{}}],"line":52},"5":{"loc":{"start":{"line":64,"column":4},"end":{"line":69,"column":null}},"type":"if","locations":[{"start":{"line":64,"column":4},"end":{"line":69,"column":null}},{"start":{},"end":{}}],"line":64},"6":{"loc":{"start":{"line":79,"column":4},"end":{"line":80,"column":null}},"type":"if","locations":[{"start":{"line":79,"column":4},"end":{"line":80,"column":null}},{"start":{},"end":{}}],"line":79},"7":{"loc":{"start":{"line":79,"column":8},"end":{"line":79,"column":61}},"type":"binary-expr","locations":[{"start":{"line":79,"column":8},"end":{"line":79,"column":31}},{"start":{"line":79,"column":31},"end":{"line":79,"column":61}}],"line":79}},"s":{"0":6,"1":113,"2":113,"3":21,"4":21,"5":19,"6":19,"7":21,"8":3,"9":3,"10":2,"11":2,"12":2,"13":2185,"14":2185,"15":6,"16":2185,"17":2185,"18":16,"19":18,"20":18,"21":1,"22":2185,"23":2185,"24":2,"25":2,"26":2,"27":0,"28":6,"29":5,"30":1},"f":{"0":21,"1":3,"2":2185,"3":6},"b":{"0":[19,2],"1":[2,1],"2":[2,0],"3":[6,2179],"4":[16,2169],"5":[2,2183],"6":[5,1],"7":[6,3]},"meta":{"lastBranch":8,"lastFunction":4,"lastStatement":31,"seen":{"s:8:20:8:Infinity":0,"s:11:69:11:78":1,"s:12:34:12:36":2,"f:17:2:17:5":0,"s:18:14:18:38":3,"b:19:4:21:Infinity:undefined:undefined:undefined:undefined":0,"s:19:4:21:Infinity":4,"s:20:6:20:Infinity":5,"s:21:6:21:Infinity":6,"s:23:4:23:Infinity":7,"f:29:2:29:6":1,"s:30:16:30:40":8,"b:31:4:34:Infinity:undefined:undefined:undefined:undefined":1,"s:31:4:34:Infinity":9,"s:32:6:32:Infinity":10,"b:33:6:34:Infinity:undefined:undefined:undefined:undefined":2,"s:33:6:34:Infinity":11,"s:34:8:34:Infinity":12,"f:43:2:43:7":2,"s:45:4:45:Infinity":13,"b:46:4:47:Infinity:undefined:undefined:undefined:undefined":3,"s:46:4:47:Infinity":14,"s:47:6:47:Infinity":15,"s:51:26:51:56":16,"b:52:4:57:Infinity:undefined:undefined:undefined:undefined":4,"s:52:4:57:Infinity":17,"s:53:6:57:Infinity":18,"s:54:8:57:Infinity":19,"s:55:10:55:Infinity":20,"s:57:10:57:Infinity":21,"s:63:30:63:53":22,"b:64:4:69:Infinity:undefined:undefined:undefined:undefined":5,"s:64:4:69:Infinity":23,"s:65:6:69:Infinity":24,"s:66:8:69:Infinity":25,"s:67:10:67:Infinity":26,"s:69:10:69:Infinity":27,"f:78:2:78:13":3,"b:79:4:80:Infinity:undefined:undefined:undefined:undefined":6,"s:79:4:80:Infinity":28,"b:79:8:79:31:79:31:79:61":7,"s:80:6:80:Infinity":29,"s:82:4:82:Infinity":30}}}
,"/home/pranav/infrawrap/src/agent/executor.ts": {"path":"/home/pranav/infrawrap/src/agent/executor.ts","statementMap":{"0":{"start":{"line":48,"column":4},"end":{"line":48,"column":null}},"1":{"start":{"line":49,"column":4},"end":{"line":49,"column":null}},"2":{"start":{"line":50,"column":4},"end":{"line":50,"column":null}},"3":{"start":{"line":58,"column":22},"end":{"line":58,"column":32}},"4":{"start":{"line":59,"column":22},"end":{"line":59,"column":46}},"5":{"start":{"line":62,"column":4},"end":{"line":66,"column":null}},"6":{"start":{"line":69,"column":4},"end":{"line":76,"column":null}},"7":{"start":{"line":70,"column":21},"end":{"line":72,"column":null}},"8":{"start":{"line":74,"column":6},"end":{"line":74,"column":null}},"9":{"start":{"line":75,"column":6},"end":{"line":75,"column":null}},"10":{"start":{"line":76,"column":6},"end":{"line":76,"column":null}},"11":{"start":{"line":81,"column":4},"end":{"line":94,"column":null}},"12":{"start":{"line":82,"column":6},"end":{"line":87,"column":null}},"13":{"start":{"line":89,"column":21},"end":{"line":91,"column":null}},"14":{"start":{"line":93,"column":6},"end":{"line":93,"column":null}},"15":{"start":{"line":94,"column":6},"end":{"line":94,"column":null}},"16":{"start":{"line":98,"column":4},"end":{"line":105,"column":null}},"17":{"start":{"line":99,"column":21},"end":{"line":101,"column":null}},"18":{"start":{"line":103,"column":6},"end":{"line":103,"column":null}},"19":{"start":{"line":104,"column":6},"end":{"line":104,"column":null}},"20":{"start":{"line":105,"column":6},"end":{"line":105,"column":null}},"21":{"start":{"line":109,"column":4},"end":{"line":127,"column":null}},"22":{"start":{"line":110,"column":6},"end":{"line":127,"column":null}},"23":{"start":{"line":111,"column":23},"end":{"line":113,"column":null}},"24":{"start":{"line":115,"column":8},"end":{"line":124,"column":null}},"25":{"start":{"line":125,"column":8},"end":{"line":125,"column":null}},"26":{"start":{"line":126,"column":8},"end":{"line":126,"column":null}},"27":{"start":{"line":127,"column":8},"end":{"line":127,"column":null}},"28":{"start":{"line":133,"column":4},"end":{"line":138,"column":null}},"29":{"start":{"line":134,"column":27},"end":{"line":134,"column":68}},"30":{"start":{"line":135,"column":6},"end":{"line":136,"column":null}},"31":{"start":{"line":136,"column":8},"end":{"line":136,"column":null}},"32":{"start":{"line":144,"column":4},"end":{"line":155,"column":null}},"33":{"start":{"line":145,"column":6},"end":{"line":145,"column":null}},"34":{"start":{"line":147,"column":21},"end":{"line":150,"column":null}},"35":{"start":{"line":152,"column":6},"end":{"line":152,"column":null}},"36":{"start":{"line":153,"column":6},"end":{"line":153,"column":null}},"37":{"start":{"line":154,"column":6},"end":{"line":154,"column":null}},"38":{"start":{"line":155,"column":6},"end":{"line":155,"column":null}},"39":{"start":{"line":160,"column":4},"end":{"line":165,"column":null}},"40":{"start":{"line":161,"column":27},"end":{"line":161,"column":68}},"41":{"start":{"line":162,"column":6},"end":{"line":163,"column":null}},"42":{"start":{"line":163,"column":8},"end":{"line":163,"column":null}},"43":{"start":{"line":169,"column":23},"end":{"line":169,"column":null}},"44":{"start":{"line":171,"column":4},"end":{"line":199,"column":null}},"45":{"start":{"line":172,"column":33},"end":{"line":179,"column":null}},"46":{"start":{"line":181,"column":6},"end":{"line":181,"column":null}},"47":{"start":{"line":182,"column":6},"end":{"line":182,"column":null}},"48":{"start":{"line":183,"column":6},"end":{"line":183,"column":null}},"49":{"start":{"line":184,"column":6},"end":{"line":184,"column":null}},"50":{"start":{"line":186,"column":33},"end":{"line":194,"column":null}},"51":{"start":{"line":196,"column":6},"end":{"line":196,"column":null}},"52":{"start":{"line":197,"column":6},"end":{"line":197,"column":null}},"53":{"start":{"line":198,"column":6},"end":{"line":198,"column":null}},"54":{"start":{"line":199,"column":6},"end":{"line":199,"column":null}},"55":{"start":{"line":210,"column":4},"end":{"line":216,"column":null}},"56":{"start":{"line":220,"column":4},"end":{"line":229,"column":null}},"57":{"start":{"line":233,"column":4},"end":{"line":242,"column":null}},"58":{"start":{"line":253,"column":30},"end":{"line":267,"column":null}},"59":{"start":{"line":269,"column":4},"end":{"line":269,"column":null}}},"fnMap":{"0":{"name":"(anonymous_0)","decl":{"start":{"line":43,"column":2},"end":{"line":43,"column":null}},"loc":{"start":{"line":47,"column":4},"end":{"line":50,"column":null}},"line":47},"1":{"name":"(anonymous_1)","decl":{"start":{"line":57,"column":8},"end":{"line":57,"column":20}},"loc":{"start":{"line":57,"column":91},"end":{"line":199,"column":null}},"line":57},"2":{"name":"(anonymous_2)","decl":{"start":{"line":205,"column":2},"end":{"line":205,"column":10}},"loc":{"start":{"line":209,"column":16},"end":{"line":216,"column":null}},"line":209},"3":{"name":"(anonymous_3)","decl":{"start":{"line":219,"column":2},"end":{"line":219,"column":10}},"loc":{"start":{"line":219,"column":70},"end":{"line":229,"column":null}},"line":219},"4":{"name":"(anonymous_4)","decl":{"start":{"line":232,"column":2},"end":{"line":232,"column":10}},"loc":{"start":{"line":232,"column":67},"end":{"line":242,"column":null}},"line":232},"5":{"name":"(anonymous_5)","decl":{"start":{"line":245,"column":2},"end":{"line":245,"column":10}},"loc":{"start":{"line":252,"column":10},"end":{"line":269,"column":null}},"line":252}},"branchMap":{"0":{"loc":{"start":{"line":69,"column":4},"end":{"line":76,"column":null}},"type":"if","locations":[{"start":{"line":69,"column":4},"end":{"line":76,"column":null}},{"start":{},"end":{}}],"line":69},"1":{"loc":{"start":{"line":91,"column":41},"end":{"line":91,"column":89}},"type":"cond-expr","locations":[{"start":{"line":91,"column":64},"end":{"line":91,"column":78}},{"start":{"line":91,"column":78},"end":{"line":91,"column":89}}],"line":91},"2":{"loc":{"start":{"line":98,"column":4},"end":{"line":105,"column":null}},"type":"if","locations":[{"start":{"line":98,"column":4},"end":{"line":105,"column":null}},{"start":{},"end":{}}],"line":98},"3":{"loc":{"start":{"line":109,"column":4},"end":{"line":127,"column":null}},"type":"if","locations":[{"start":{"line":109,"column":4},"end":{"line":127,"column":null}},{"start":{},"end":{}}],"line":109},"4":{"loc":{"start":{"line":110,"column":6},"end":{"line":127,"column":null}},"type":"if","locations":[{"start":{"line":110,"column":6},"end":{"line":127,"column":null}},{"start":{},"end":{}}],"line":110},"5":{"loc":{"start":{"line":110,"column":10},"end":{"line":110,"column":65}},"type":"binary-expr","locations":[{"start":{"line":110,"column":10},"end":{"line":110,"column":34}},{"start":{"line":110,"column":34},"end":{"line":110,"column":65}}],"line":110},"6":{"loc":{"start":{"line":135,"column":6},"end":{"line":136,"column":null}},"type":"if","locations":[{"start":{"line":135,"column":6},"end":{"line":136,"column":null}},{"start":{},"end":{}}],"line":135},"7":{"loc":{"start":{"line":149,"column":33},"end":{"line":149,"column":81}},"type":"cond-expr","locations":[{"start":{"line":149,"column":56},"end":{"line":149,"column":70}},{"start":{"line":149,"column":70},"end":{"line":149,"column":81}}],"line":149},"8":{"loc":{"start":{"line":162,"column":6},"end":{"line":163,"column":null}},"type":"if","locations":[{"start":{"line":162,"column":6},"end":{"line":163,"column":null}},{"start":{},"end":{}}],"line":162},"9":{"loc":{"start":{"line":171,"column":4},"end":{"line":199,"column":null}},"type":"if","locations":[{"start":{"line":171,"column":4},"end":{"line":199,"column":null}},{"start":{"line":185,"column":11},"end":{"line":199,"column":null}}],"line":171},"10":{"loc":{"start":{"line":188,"column":15},"end":{"line":188,"column":null}},"type":"binary-expr","locations":[{"start":{"line":188,"column":15},"end":{"line":188,"column":35}},{"start":{"line":188,"column":35},"end":{"line":188,"column":null}}],"line":188},"11":{"loc":{"start":{"line":258,"column":17},"end":{"line":258,"column":null}},"type":"binary-expr","locations":[{"start":{"line":258,"column":17},"end":{"line":258,"column":27}},{"start":{"line":258,"column":27},"end":{"line":258,"column":null}}],"line":258}},"s":{"0":38,"1":38,"2":38,"3":26,"4":26,"5":26,"6":26,"7":2,"8":2,"9":2,"10":2,"11":24,"12":24,"13":1,"14":1,"15":1,"16":23,"17":3,"18":3,"19":3,"20":3,"21":20,"22":2,"23":2,"24":2,"25":2,"26":2,"27":2,"28":18,"29":18,"30":17,"31":17,"32":18,"33":18,"34":2,"35":2,"36":2,"37":2,"38":2,"39":16,"40":16,"41":15,"42":15,"43":16,"44":16,"45":11,"46":11,"47":11,"48":11,"49":11,"50":5,"51":5,"52":5,"53":5,"54":5,"55":10,"56":11,"57":15,"58":25,"59":25},"f":{"0":38,"1":26,"2":10,"3":11,"4":15,"5":25},"b":{"0":[2,24],"1":[1,0],"2":[3,20],"3":[2,18],"4":[2,0],"5":[2,2],"6":[17,0],"7":[2,0],"8":[15,0],"9":[11,5],"10":[5,0],"11":[25,18]},"meta":{"lastBranch":12,"lastFunction":6,"lastStatement":60,"seen":{"f:43:2:43:Infinity":0,"s:48:4:48:Infinity":0,"s:49:4:49:Infinity":1,"s:50:4:50:Infinity":2,"f:57:8:57:20":1,"s:58:22:58:32":3,"s:59:22:59:46":4,"s:62:4:66:Infinity":5,"b:69:4:76:Infinity:undefined:undefined:undefined:undefined":0,"s:69:4:76:Infinity":6,"s:70:21:72:Infinity":7,"s:74:6:74:Infinity":8,"s:75:6:75:Infinity":9,"s:76:6:76:Infinity":10,"s:81:4:94:Infinity":11,"s:82:6:87:Infinity":12,"s:89:21:91:Infinity":13,"b:91:64:91:78:91:78:91:89":1,"s:93:6:93:Infinity":14,"s:94:6:94:Infinity":15,"b:98:4:105:Infinity:undefined:undefined:undefined:undefined":2,"s:98:4:105:Infinity":16,"s:99:21:101:Infinity":17,"s:103:6:103:Infinity":18,"s:104:6:104:Infinity":19,"s:105:6:105:Infinity":20,"b:109:4:127:Infinity:undefined:undefined:undefined:undefined":3,"s:109:4:127:Infinity":21,"b:110:6:127:Infinity:undefined:undefined:undefined:undefined":4,"s:110:6:127:Infinity":22,"b:110:10:110:34:110:34:110:65":5,"s:111:23:113:Infinity":23,"s:115:8:124:Infinity":24,"s:125:8:125:Infinity":25,"s:126:8:126:Infinity":26,"s:127:8:127:Infinity":27,"s:133:4:138:Infinity":28,"s:134:27:134:68":29,"b:135:6:136:Infinity:undefined:undefined:undefined:undefined":6,"s:135:6:136:Infinity":30,"s:136:8:136:Infinity":31,"s:144:4:155:Infinity":32,"s:145:6:145:Infinity":33,"s:147:21:150:Infinity":34,"b:149:56:149:70:149:70:149:81":7,"s:152:6:152:Infinity":35,"s:153:6:153:Infinity":36,"s:154:6:154:Infinity":37,"s:155:6:155:Infinity":38,"s:160:4:165:Infinity":39,"s:161:27:161:68":40,"b:162:6:163:Infinity:undefined:undefined:undefined:undefined":8,"s:162:6:163:Infinity":41,"s:163:8:163:Infinity":42,"s:169:23:169:Infinity":43,"b:171:4:199:Infinity:185:11:199:Infinity":9,"s:171:4:199:Infinity":44,"s:172:33:179:Infinity":45,"s:181:6:181:Infinity":46,"s:182:6:182:Infinity":47,"s:183:6:183:Infinity":48,"s:184:6:184:Infinity":49,"s:186:33:194:Infinity":50,"b:188:15:188:35:188:35:188:Infinity":10,"s:196:6:196:Infinity":51,"s:197:6:197:Infinity":52,"s:198:6:198:Infinity":53,"s:199:6:199:Infinity":54,"f:205:2:205:10":2,"s:210:4:216:Infinity":55,"f:219:2:219:10":3,"s:220:4:229:Infinity":56,"f:232:2:232:10":4,"s:233:4:242:Infinity":57,"f:245:2:245:10":5,"s:253:30:267:Infinity":58,"b:258:17:258:27:258:27:258:Infinity":11,"s:269:4:269:Infinity":59}}}
,"/home/pranav/infrawrap/src/agent/investigator.ts": {"path":"/home/pranav/infrawrap/src/agent/investigator.ts","statementMap":{"0":{"start":{"line":54,"column":27},"end":{"line":56,"column":null}},"1":{"start":{"line":58,"column":26},"end":{"line":62,"column":null}},"2":{"start":{"line":60,"column":22},"end":{"line":60,"column":78}},"3":{"start":{"line":64,"column":25},"end":{"line":71,"column":null}},"4":{"start":{"line":68,"column":14},"end":{"line":68,"column":null}},"5":{"start":{"line":73,"column":10},"end":{"line":77,"column":6}},"6":{"start":{"line":79,"column":24},"end":{"line":79,"column":null}},"7":{"start":{"line":81,"column":21},"end":{"line":85,"column":6}},"8":{"start":{"line":87,"column":19},"end":{"line":87,"column":55}},"9":{"start":{"line":89,"column":10},"end":{"line":94,"column":null}},"10":{"start":{"line":90,"column":14},"end":{"line":94,"column":null}},"11":{"start":{"line":98,"column":4},"end":{"line":116,"column":null}},"12":{"start":{"line":99,"column":12},"end":{"line":108,"column":null}},"13":{"start":{"line":100,"column":19},"end":{"line":108,"column":null}},"14":{"start":{"line":111,"column":6},"end":{"line":116,"column":null}},"15":{"start":{"line":119,"column":4},"end":{"line":126,"column":null}},"16":{"start":{"line":131,"column":2},"end":{"line":136,"column":null}},"17":{"start":{"line":132,"column":4},"end":{"line":132,"column":null}},"18":{"start":{"line":134,"column":4},"end":{"line":136,"column":null}}},"fnMap":{"0":{"name":"(anonymous_0)","decl":{"start":{"line":50,"column":8},"end":{"line":50,"column":null}},"loc":{"start":{"line":53,"column":28},"end":{"line":126,"column":null}},"line":53},"1":{"name":"(anonymous_1)","decl":{"start":{"line":60,"column":11},"end":{"line":60,"column":16}},"loc":{"start":{"line":60,"column":22},"end":{"line":60,"column":78}},"line":60},"2":{"name":"(anonymous_2)","decl":{"start":{"line":66,"column":11},"end":{"line":66,"column":null}},"loc":{"start":{"line":68,"column":14},"end":{"line":68,"column":null}},"line":68},"3":{"name":"(anonymous_3)","decl":{"start":{"line":89,"column":69},"end":{"line":89,"column":null}},"loc":{"start":{"line":90,"column":14},"end":{"line":94,"column":null}},"line":90},"4":{"name":"(anonymous_4)","decl":{"start":{"line":99,"column":69},"end":{"line":99,"column":null}},"loc":{"start":{"line":100,"column":19},"end":{"line":108,"column":null}},"line":100},"5":{"name":"parseInvestigationResponse","decl":{"start":{"line":130,"column":9},"end":{"line":130,"column":36}},"loc":{"start":{"line":130,"column":75},"end":{"line":136,"column":null}},"line":130}},"branchMap":{"0":{"loc":{"start":{"line":54,"column":27},"end":{"line":56,"column":null}},"type":"cond-expr","locations":[{"start":{"line":55,"column":8},"end":{"line":55,"column":53}},{"start":{"line":56,"column":8},"end":{"line":56,"column":null}}],"line":54},"1":{"loc":{"start":{"line":58,"column":26},"end":{"line":62,"column":null}},"type":"cond-expr","locations":[{"start":{"line":59,"column":8},"end":{"line":61,"column":21}},{"start":{"line":62,"column":8},"end":{"line":62,"column":null}}],"line":58},"2":{"loc":{"start":{"line":64,"column":25},"end":{"line":71,"column":null}},"type":"cond-expr","locations":[{"start":{"line":65,"column":8},"end":{"line":70,"column":21}},{"start":{"line":71,"column":8},"end":{"line":71,"column":null}}],"line":64},"3":{"loc":{"start":{"line":68,"column":70},"end":{"line":68,"column":null}},"type":"cond-expr","locations":[{"start":{"line":68,"column":80},"end":{"line":68,"column":98}},{"start":{"line":68,"column":98},"end":{"line":68,"column":null}}],"line":68},"4":{"loc":{"start":{"line":89,"column":46},"end":{"line":89,"column":67}},"type":"binary-expr","locations":[{"start":{"line":89,"column":46},"end":{"line":89,"column":65}},{"start":{"line":89,"column":65},"end":{"line":89,"column":67}}],"line":89},"5":{"loc":{"start":{"line":98,"column":4},"end":{"line":116,"column":null}},"type":"if","locations":[{"start":{"line":98,"column":4},"end":{"line":116,"column":null}},{"start":{},"end":{}}],"line":98},"6":{"loc":{"start":{"line":99,"column":36},"end":{"line":99,"column":67}},"type":"binary-expr","locations":[{"start":{"line":99,"column":36},"end":{"line":99,"column":65}},{"start":{"line":99,"column":65},"end":{"line":99,"column":67}}],"line":99},"7":{"loc":{"start":{"line":101,"column":14},"end":{"line":101,"column":null}},"type":"binary-expr","locations":[{"start":{"line":101,"column":14},"end":{"line":101,"column":22}},{"start":{"line":101,"column":22},"end":{"line":101,"column":null}}],"line":101},"8":{"loc":{"start":{"line":105,"column":22},"end":{"line":105,"column":40}},"type":"binary-expr","locations":[{"start":{"line":105,"column":22},"end":{"line":105,"column":38}},{"start":{"line":105,"column":38},"end":{"line":105,"column":40}}],"line":105},"9":{"loc":{"start":{"line":114,"column":20},"end":{"line":114,"column":null}},"type":"binary-expr","locations":[{"start":{"line":114,"column":20},"end":{"line":114,"column":54}},{"start":{"line":114,"column":54},"end":{"line":114,"column":null}}],"line":114},"10":{"loc":{"start":{"line":123,"column":18},"end":{"line":123,"column":null}},"type":"binary-expr","locations":[{"start":{"line":123,"column":18},"end":{"line":123,"column":39}},{"start":{"line":123,"column":39},"end":{"line":123,"column":null}}],"line":123}},"s":{"0":0,"1":0,"2":0,"3":0,"4":0,"5":0,"6":0,"7":0,"8":0,"9":0,"10":0,"11":0,"12":0,"13":0,"14":0,"15":0,"16":0,"17":0,"18":0},"f":{"0":0,"1":0,"2":0,"3":0,"4":0,"5":0},"b":{"0":[0,0],"1":[0,0],"2":[0,0],"3":[0,0],"4":[0,0],"5":[0,0],"6":[0,0],"7":[0,0],"8":[0,0],"9":[0,0],"10":[0,0]},"meta":{"lastBranch":11,"lastFunction":6,"lastStatement":19,"seen":{"f:50:8:50:Infinity":0,"s:54:27:56:Infinity":0,"b:55:8:55:53:56:8:56:Infinity":0,"s:58:26:62:Infinity":1,"b:59:8:61:21:62:8:62:Infinity":1,"f:60:11:60:16":1,"s:60:22:60:78":2,"s:64:25:71:Infinity":3,"b:65:8:70:21:71:8:71:Infinity":2,"f:66:11:66:Infinity":2,"s:68:14:68:Infinity":4,"b:68:80:68:98:68:98:68:Infinity":3,"s:73:10:77:6":5,"s:79:24:79:Infinity":6,"s:81:21:85:6":7,"s:87:19:87:55":8,"s:89:10:94:Infinity":9,"b:89:46:89:65:89:65:89:67":4,"f:89:69:89:Infinity":3,"s:90:14:94:Infinity":10,"b:98:4:116:Infinity:undefined:undefined:undefined:undefined":5,"s:98:4:116:Infinity":11,"s:99:12:108:Infinity":12,"b:99:36:99:65:99:65:99:67":6,"f:99:69:99:Infinity":4,"s:100:19:108:Infinity":13,"b:101:14:101:22:101:22:101:Infinity":7,"b:105:22:105:38:105:38:105:40":8,"s:111:6:116:Infinity":14,"b:114:20:114:54:114:54:114:Infinity":9,"s:119:4:126:Infinity":15,"b:123:18:123:39:123:39:123:Infinity":10,"f:130:9:130:36":5,"s:131:2:136:Infinity":16,"s:132:4:132:Infinity":17,"s:134:4:136:Infinity":18}}}
,"/home/pranav/infrawrap/src/agent/llm.ts": {"path":"/home/pranav/infrawrap/src/agent/llm.ts","statementMap":{"0":{"start":{"line":35,"column":6},"end":{"line":35,"column":null}},"1":{"start":{"line":39,"column":2},"end":{"line":44,"column":null}},"2":{"start":{"line":40,"column":4},"end":{"line":40,"column":null}},"3":{"start":{"line":41,"column":13},"end":{"line":44,"column":null}},"4":{"start":{"line":42,"column":4},"end":{"line":42,"column":null}},"5":{"start":{"line":44,"column":4},"end":{"line":44,"column":null}},"6":{"start":{"line":47,"column":2},"end":{"line":47,"column":null}},"7":{"start":{"line":57,"column":17},"end":{"line":57,"column":57}},"8":{"start":{"line":59,"column":19},"end":{"line":65,"column":4}},"9":{"start":{"line":67,"column":20},"end":{"line":67,"column":75}},"10":{"start":{"line":67,"column":53},"end":{"line":67,"column":75}},"11":{"start":{"line":68,"column":2},"end":{"line":69,"column":null}},"12":{"start":{"line":69,"column":4},"end":{"line":69,"column":null}},"13":{"start":{"line":72,"column":2},"end":{"line":72,"column":null}},"14":{"start":{"line":82,"column":17},"end":{"line":82,"column":54}},"15":{"start":{"line":84,"column":19},"end":{"line":92,"column":4}},"16":{"start":{"line":94,"column":18},"end":{"line":94,"column":null}},"17":{"start":{"line":95,"column":2},"end":{"line":96,"column":null}},"18":{"start":{"line":96,"column":4},"end":{"line":96,"column":null}},"19":{"start":{"line":99,"column":2},"end":{"line":99,"column":null}},"20":{"start":{"line":106,"column":18},"end":{"line":106,"column":29}},"21":{"start":{"line":109,"column":23},"end":{"line":109,"column":null}},"22":{"start":{"line":110,"column":16},"end":{"line":110,"column":43}},"23":{"start":{"line":111,"column":2},"end":{"line":112,"column":null}},"24":{"start":{"line":112,"column":4},"end":{"line":112,"column":null}},"25":{"start":{"line":115,"column":2},"end":{"line":115,"column":null}}},"fnMap":{"0":{"name":"callLLM","decl":{"start":{"line":28,"column":22},"end":{"line":28,"column":30}},"loc":{"start":{"line":28,"column":72},"end":{"line":47,"column":null}},"line":28},"1":{"name":"callAnthropic","decl":{"start":{"line":50,"column":15},"end":{"line":50,"column":null}},"loc":{"start":{"line":56,"column":19},"end":{"line":72,"column":null}},"line":56},"2":{"name":"(anonymous_2)","decl":{"start":{"line":67,"column":37},"end":{"line":67,"column":43}},"loc":{"start":{"line":67,"column":53},"end":{"line":67,"column":75}},"line":67},"3":{"name":"callOpenAI","decl":{"start":{"line":75,"column":15},"end":{"line":75,"column":null}},"loc":{"start":{"line":81,"column":19},"end":{"line":99,"column":null}},"line":81},"4":{"name":"stripMarkdownFences","decl":{"start":{"line":105,"column":9},"end":{"line":105,"column":29}},"loc":{"start":{"line":105,"column":51},"end":{"line":115,"column":null}},"line":105}},"branchMap":{"0":{"loc":{"start":{"line":33,"column":4},"end":{"line":33,"column":null}},"type":"default-arg","locations":[{"start":{"line":33,"column":18},"end":{"line":33,"column":null}}],"line":33},"1":{"loc":{"start":{"line":34,"column":4},"end":{"line":34,"column":null}},"type":"default-arg","locations":[{"start":{"line":34,"column":16},"end":{"line":34,"column":null}}],"line":34},"2":{"loc":{"start":{"line":39,"column":2},"end":{"line":44,"column":null}},"type":"if","locations":[{"start":{"line":39,"column":2},"end":{"line":44,"column":null}},{"start":{"line":41,"column":13},"end":{"line":44,"column":null}}],"line":39},"3":{"loc":{"start":{"line":41,"column":13},"end":{"line":44,"column":null}},"type":"if","locations":[{"start":{"line":41,"column":13},"end":{"line":44,"column":null}},{"start":{"line":43,"column":9},"end":{"line":44,"column":null}}],"line":41},"4":{"loc":{"start":{"line":68,"column":2},"end":{"line":69,"column":null}},"type":"if","locations":[{"start":{"line":68,"column":2},"end":{"line":69,"column":null}},{"start":{},"end":{}}],"line":68},"5":{"loc":{"start":{"line":68,"column":6},"end":{"line":68,"column":47}},"type":"binary-expr","locations":[{"start":{"line":68,"column":6},"end":{"line":68,"column":20}},{"start":{"line":68,"column":20},"end":{"line":68,"column":47}}],"line":68},"6":{"loc":{"start":{"line":95,"column":2},"end":{"line":96,"column":null}},"type":"if","locations":[{"start":{"line":95,"column":2},"end":{"line":96,"column":null}},{"start":{},"end":{}}],"line":95},"7":{"loc":{"start":{"line":111,"column":2},"end":{"line":112,"column":null}},"type":"if","locations":[{"start":{"line":111,"column":2},"end":{"line":112,"column":null}},{"start":{},"end":{}}],"line":111}},"s":{"0":9,"1":9,"2":6,"3":3,"4":2,"5":1,"6":6,"7":6,"8":6,"9":6,"10":6,"11":6,"12":1,"13":5,"14":2,"15":2,"16":2,"17":2,"18":1,"19":1,"20":6,"21":6,"22":6,"23":6,"24":2,"25":4},"f":{"0":9,"1":6,"2":6,"3":2,"4":6},"b":{"0":[9],"1":[9],"2":[6,3],"3":[2,1],"4":[1,5],"5":[6,5],"6":[1,1],"7":[2,4]},"meta":{"lastBranch":8,"lastFunction":5,"lastStatement":26,"seen":{"f:28:22:28:30":0,"s:35:6:35:Infinity":0,"b:33:18:33:Infinity":0,"b:34:16:34:Infinity":1,"b:39:2:44:Infinity:41:13:44:Infinity":2,"s:39:2:44:Infinity":1,"s:40:4:40:Infinity":2,"b:41:13:44:Infinity:43:9:44:Infinity":3,"s:41:13:44:Infinity":3,"s:42:4:42:Infinity":4,"s:44:4:44:Infinity":5,"s:47:2:47:Infinity":6,"f:50:15:50:Infinity":1,"s:57:17:57:57":7,"s:59:19:65:4":8,"s:67:20:67:75":9,"f:67:37:67:43":2,"s:67:53:67:75":10,"b:68:2:69:Infinity:undefined:undefined:undefined:undefined":4,"s:68:2:69:Infinity":11,"b:68:6:68:20:68:20:68:47":5,"s:69:4:69:Infinity":12,"s:72:2:72:Infinity":13,"f:75:15:75:Infinity":3,"s:82:17:82:54":14,"s:84:19:92:4":15,"s:94:18:94:Infinity":16,"b:95:2:96:Infinity:undefined:undefined:undefined:undefined":6,"s:95:2:96:Infinity":17,"s:96:4:96:Infinity":18,"s:99:2:99:Infinity":19,"f:105:9:105:29":4,"s:106:18:106:29":20,"s:109:23:109:Infinity":21,"s:110:16:110:43":22,"b:111:2:112:Infinity:undefined:undefined:undefined:undefined":7,"s:111:2:112:Infinity":23,"s:112:4:112:Infinity":24,"s:115:2:115:Infinity":25}}}
,"/home/pranav/infrawrap/src/agent/memory.ts": {"path":"/home/pranav/infrawrap/src/agent/memory.ts","statementMap":{"0":{"start":{"line":17,"column":4},"end":{"line":17,"column":null}},"1":{"start":{"line":19,"column":4},"end":{"line":19,"column":null}},"2":{"start":{"line":20,"column":4},"end":{"line":20,"column":null}},"3":{"start":{"line":21,"column":4},"end":{"line":21,"column":null}},"4":{"start":{"line":25,"column":4},"end":{"line":40,"column":null}},"5":{"start":{"line":49,"column":10},"end":{"line":49,"column":27}},"6":{"start":{"line":50,"column":16},"end":{"line":50,"column":40}},"7":{"start":{"line":52,"column":17},"end":{"line":59,"column":null}},"8":{"start":{"line":61,"column":4},"end":{"line":61,"column":null}},"9":{"start":{"line":62,"column":4},"end":{"line":62,"column":null}},"10":{"start":{"line":69,"column":14},"end":{"line":69,"column":null}},"11":{"start":{"line":70,"column":30},"end":{"line":70,"column":32}},"12":{"start":{"line":72,"column":4},"end":{"line":74,"column":null}},"13":{"start":{"line":73,"column":6},"end":{"line":73,"column":null}},"14":{"start":{"line":74,"column":6},"end":{"line":74,"column":null}},"15":{"start":{"line":77,"column":4},"end":{"line":79,"column":null}},"16":{"start":{"line":78,"column":6},"end":{"line":78,"column":null}},"17":{"start":{"line":79,"column":6},"end":{"line":79,"column":null}},"18":{"start":{"line":82,"column":4},"end":{"line":82,"column":null}},"19":{"start":{"line":83,"column":4},"end":{"line":83,"column":null}},"20":{"start":{"line":85,"column":17},"end":{"line":85,"column":37}},"21":{"start":{"line":86,"column":4},"end":{"line":86,"column":null}},"22":{"start":{"line":93,"column":16},"end":{"line":93,"column":40}},"23":{"start":{"line":94,"column":17},"end":{"line":96,"column":null}},"24":{"start":{"line":97,"column":4},"end":{"line":97,"column":null}},"25":{"start":{"line":104,"column":17},"end":{"line":104,"column":67}},"26":{"start":{"line":105,"column":4},"end":{"line":105,"column":null}},"27":{"start":{"line":112,"column":17},"end":{"line":112,"column":70}},"28":{"start":{"line":113,"column":16},"end":{"line":113,"column":29}},"29":{"start":{"line":114,"column":4},"end":{"line":114,"column":null}},"30":{"start":{"line":121,"column":4},"end":{"line":121,"column":null}}},"fnMap":{"0":{"name":"(anonymous_0)","decl":{"start":{"line":15,"column":2},"end":{"line":15,"column":14}},"loc":{"start":{"line":15,"column":49},"end":{"line":21,"column":null}},"line":15},"1":{"name":"(anonymous_1)","decl":{"start":{"line":24,"column":2},"end":{"line":24,"column":10}},"loc":{"start":{"line":24,"column":29},"end":{"line":40,"column":null}},"line":24},"2":{"name":"(anonymous_2)","decl":{"start":{"line":46,"column":2},"end":{"line":46,"column":null}},"loc":{"start":{"line":48,"column":12},"end":{"line":62,"column":null}},"line":48},"3":{"name":"(anonymous_3)","decl":{"start":{"line":68,"column":2},"end":{"line":68,"column":9}},"loc":{"start":{"line":68,"column":73},"end":{"line":86,"column":null}},"line":68},"4":{"name":"(anonymous_4)","decl":{"start":{"line":92,"column":2},"end":{"line":92,"column":8}},"loc":{"start":{"line":92,"column":26},"end":{"line":97,"column":null}},"line":92},"5":{"name":"(anonymous_5)","decl":{"start":{"line":103,"column":2},"end":{"line":103,"column":9}},"loc":{"start":{"line":103,"column":27},"end":{"line":105,"column":null}},"line":103},"6":{"name":"(anonymous_6)","decl":{"start":{"line":111,"column":2},"end":{"line":111,"column":11}},"loc":{"start":{"line":111,"column":44},"end":{"line":114,"column":null}},"line":111},"7":{"name":"(anonymous_7)","decl":{"start":{"line":120,"column":2},"end":{"line":120,"column":16}},"loc":{"start":{"line":120,"column":16},"end":{"line":121,"column":null}},"line":120}},"branchMap":{"0":{"loc":{"start":{"line":15,"column":14},"end":{"line":15,"column":49}},"type":"default-arg","locations":[{"start":{"line":15,"column":31},"end":{"line":15,"column":49}}],"line":15},"1":{"loc":{"start":{"line":68,"column":38},"end":{"line":68,"column":73}},"type":"default-arg","locations":[{"start":{"line":68,"column":54},"end":{"line":68,"column":73}}],"line":68},"2":{"loc":{"start":{"line":72,"column":4},"end":{"line":74,"column":null}},"type":"if","locations":[{"start":{"line":72,"column":4},"end":{"line":74,"column":null}},{"start":{},"end":{}}],"line":72},"3":{"loc":{"start":{"line":77,"column":4},"end":{"line":79,"column":null}},"type":"if","locations":[{"start":{"line":77,"column":4},"end":{"line":79,"column":null}},{"start":{},"end":{}}],"line":77},"4":{"loc":{"start":{"line":114,"column":11},"end":{"line":114,"column":null}},"type":"binary-expr","locations":[{"start":{"line":114,"column":11},"end":{"line":114,"column":18}},{"start":{"line":114,"column":18},"end":{"line":114,"column":null}}],"line":114}},"s":{"0":24,"1":24,"2":24,"3":24,"4":24,"5":30,"6":30,"7":30,"8":30,"9":30,"10":16,"11":16,"12":16,"13":4,"14":4,"15":16,"16":1,"17":1,"18":16,"19":16,"20":16,"21":16,"22":2,"23":2,"24":2,"25":1,"26":1,"27":4,"28":4,"29":4,"30":25},"f":{"0":24,"1":24,"2":30,"3":16,"4":2,"5":1,"6":4,"7":25},"b":{"0":[24],"1":[16],"2":[4,12],"3":[1,15],"4":[4,1]},"meta":{"lastBranch":5,"lastFunction":8,"lastStatement":31,"seen":{"f:15:2:15:14":0,"b:15:31:15:49":0,"s:17:4:17:Infinity":0,"s:19:4:19:Infinity":1,"s:20:4:20:Infinity":2,"s:21:4:21:Infinity":3,"f:24:2:24:10":1,"s:25:4:40:Infinity":4,"f:46:2:46:Infinity":2,"s:49:10:49:27":5,"s:50:16:50:40":6,"s:52:17:59:Infinity":7,"s:61:4:61:Infinity":8,"s:62:4:62:Infinity":9,"f:68:2:68:9":3,"b:68:54:68:73":1,"s:69:14:69:Infinity":10,"s:70:30:70:32":11,"b:72:4:74:Infinity:undefined:undefined:undefined:undefined":2,"s:72:4:74:Infinity":12,"s:73:6:73:Infinity":13,"s:74:6:74:Infinity":14,"b:77:4:79:Infinity:undefined:undefined:undefined:undefined":3,"s:77:4:79:Infinity":15,"s:78:6:78:Infinity":16,"s:79:6:79:Infinity":17,"s:82:4:82:Infinity":18,"s:83:4:83:Infinity":19,"s:85:17:85:37":20,"s:86:4:86:Infinity":21,"f:92:2:92:8":4,"s:93:16:93:40":22,"s:94:17:96:Infinity":23,"s:97:4:97:Infinity":24,"f:103:2:103:9":5,"s:104:17:104:67":25,"s:105:4:105:Infinity":26,"f:111:2:111:11":6,"s:112:17:112:70":27,"s:113:16:113:29":28,"s:114:4:114:Infinity":29,"b:114:11:114:18:114:18:114:Infinity":4,"f:120:2:120:16":7,"s:121:4:121:Infinity":30}}}
,"/home/pranav/infrawrap/src/agent/observer.ts": {"path":"/home/pranav/infrawrap/src/agent/observer.ts","statementMap":{"0":{"start":{"line":17,"column":26},"end":{"line":37,"column":2}},"1":{"start":{"line":40,"column":26},"end":{"line":47,"column":2}},"2":{"start":{"line":62,"column":4},"end":{"line":67,"column":null}},"3":{"start":{"line":63,"column":6},"end":{"line":67,"column":null}},"4":{"start":{"line":71,"column":4},"end":{"line":72,"column":null}},"5":{"start":{"line":72,"column":6},"end":{"line":72,"column":null}},"6":{"start":{"line":79,"column":4},"end":{"line":80,"column":null}},"7":{"start":{"line":80,"column":6},"end":{"line":80,"column":null}},"8":{"start":{"line":84,"column":4},"end":{"line":85,"column":null}},"9":{"start":{"line":85,"column":6},"end":{"line":85,"column":null}},"10":{"start":{"line":89,"column":4},"end":{"line":91,"column":null}},"11":{"start":{"line":90,"column":21},"end":{"line":90,"column":59}},"12":{"start":{"line":91,"column":6},"end":{"line":91,"column":null}},"13":{"start":{"line":91,"column":18},"end":{"line":91,"column":null}},"14":{"start":{"line":95,"column":4},"end":{"line":95,"column":null}},"15":{"start":{"line":105,"column":17},"end":{"line":105,"column":null}},"16":{"start":{"line":106,"column":4},"end":{"line":106,"column":null}},"17":{"start":{"line":106,"column":28},"end":{"line":106,"column":null}},"18":{"start":{"line":108,"column":21},"end":{"line":108,"column":33}},"19":{"start":{"line":110,"column":4},"end":{"line":126,"column":null}},"20":{"start":{"line":111,"column":17},"end":{"line":111,"column":72}},"21":{"start":{"line":111,"column":46},"end":{"line":111,"column":72}},"22":{"start":{"line":112,"column":6},"end":{"line":117,"column":null}},"23":{"start":{"line":113,"column":8},"end":{"line":117,"column":null}},"24":{"start":{"line":119,"column":6},"end":{"line":120,"column":null}},"25":{"start":{"line":120,"column":8},"end":{"line":120,"column":null}},"26":{"start":{"line":122,"column":6},"end":{"line":126,"column":null}},"27":{"start":{"line":129,"column":4},"end":{"line":145,"column":null}},"28":{"start":{"line":130,"column":17},"end":{"line":130,"column":72}},"29":{"start":{"line":130,"column":46},"end":{"line":130,"column":72}},"30":{"start":{"line":131,"column":6},"end":{"line":136,"column":null}},"31":{"start":{"line":132,"column":8},"end":{"line":136,"column":null}},"32":{"start":{"line":138,"column":6},"end":{"line":139,"column":null}},"33":{"start":{"line":139,"column":8},"end":{"line":139,"column":null}},"34":{"start":{"line":141,"column":6},"end":{"line":145,"column":null}},"35":{"start":{"line":148,"column":4},"end":{"line":164,"column":null}},"36":{"start":{"line":149,"column":17},"end":{"line":149,"column":79}},"37":{"start":{"line":149,"column":53},"end":{"line":149,"column":79}},"38":{"start":{"line":150,"column":6},"end":{"line":155,"column":null}},"39":{"start":{"line":151,"column":8},"end":{"line":155,"column":null}},"40":{"start":{"line":157,"column":6},"end":{"line":158,"column":null}},"41":{"start":{"line":158,"column":8},"end":{"line":158,"column":null}},"42":{"start":{"line":160,"column":6},"end":{"line":164,"column":null}},"43":{"start":{"line":167,"column":4},"end":{"line":183,"column":null}},"44":{"start":{"line":168,"column":17},"end":{"line":168,"column":79}},"45":{"start":{"line":168,"column":53},"end":{"line":168,"column":79}},"46":{"start":{"line":169,"column":6},"end":{"line":174,"column":null}},"47":{"start":{"line":170,"column":8},"end":{"line":174,"column":null}},"48":{"start":{"line":176,"column":6},"end":{"line":177,"column":null}},"49":{"start":{"line":177,"column":8},"end":{"line":177,"column":null}},"50":{"start":{"line":179,"column":6},"end":{"line":183,"column":null}},"51":{"start":{"line":186,"column":4},"end":{"line":186,"column":null}},"52":{"start":{"line":199,"column":10},"end":{"line":212,"column":6}},"53":{"start":{"line":214,"column":24},"end":{"line":214,"column":null}},"54":{"start":{"line":216,"column":4},"end":{"line":240,"column":null}},"55":{"start":{"line":217,"column":23},"end":{"line":221,"column":8}},"56":{"start":{"line":223,"column":21},"end":{"line":223,"column":41}},"57":{"start":{"line":229,"column":6},"end":{"line":233,"column":null}},"58":{"start":{"line":236,"column":6},"end":{"line":239,"column":null}},"59":{"start":{"line":240,"column":6},"end":{"line":240,"column":null}}},"fnMap":{"0":{"name":"(anonymous_0)","decl":{"start":{"line":55,"column":8},"end":{"line":55,"column":null}},"loc":{"start":{"line":60,"column":32},"end":{"line":95,"column":null}},"line":60},"1":{"name":"(anonymous_1)","decl":{"start":{"line":101,"column":2},"end":{"line":101,"column":10}},"loc":{"start":{"line":104,"column":30},"end":{"line":186,"column":null}},"line":104},"2":{"name":"(anonymous_2)","decl":{"start":{"line":111,"column":34},"end":{"line":111,"column":40}},"loc":{"start":{"line":111,"column":46},"end":{"line":111,"column":72}},"line":111},"3":{"name":"(anonymous_3)","decl":{"start":{"line":130,"column":34},"end":{"line":130,"column":40}},"loc":{"start":{"line":130,"column":46},"end":{"line":130,"column":72}},"line":130},"4":{"name":"(anonymous_4)","decl":{"start":{"line":149,"column":41},"end":{"line":149,"column":47}},"loc":{"start":{"line":149,"column":53},"end":{"line":149,"column":79}},"line":149},"5":{"name":"(anonymous_5)","decl":{"start":{"line":168,"column":41},"end":{"line":168,"column":47}},"loc":{"start":{"line":168,"column":53},"end":{"line":168,"column":79}},"line":168},"6":{"name":"(anonymous_6)","decl":{"start":{"line":193,"column":16},"end":{"line":193,"column":null}},"loc":{"start":{"line":198,"column":32},"end":{"line":240,"column":null}},"line":198}},"branchMap":{"0":{"loc":{"start":{"line":62,"column":4},"end":{"line":67,"column":null}},"type":"if","locations":[{"start":{"line":62,"column":4},"end":{"line":67,"column":null}},{"start":{},"end":{}}],"line":62},"1":{"loc":{"start":{"line":65,"column":24},"end":{"line":65,"column":54}},"type":"binary-expr","locations":[{"start":{"line":65,"column":24},"end":{"line":65,"column":40}},{"start":{"line":65,"column":40},"end":{"line":65,"column":54}}],"line":65},"2":{"loc":{"start":{"line":71,"column":4},"end":{"line":72,"column":null}},"type":"if","locations":[{"start":{"line":71,"column":4},"end":{"line":72,"column":null}},{"start":{},"end":{}}],"line":71},"3":{"loc":{"start":{"line":71,"column":8},"end":{"line":71,"column":68}},"type":"binary-expr","locations":[{"start":{"line":71,"column":8},"end":{"line":71,"column":42}},{"start":{"line":71,"column":46},"end":{"line":71,"column":68}}],"line":71},"4":{"loc":{"start":{"line":79,"column":4},"end":{"line":80,"column":null}},"type":"if","locations":[{"start":{"line":79,"column":4},"end":{"line":80,"column":null}},{"start":{},"end":{}}],"line":79},"5":{"loc":{"start":{"line":79,"column":8},"end":{"line":79,"column":53}},"type":"binary-expr","locations":[{"start":{"line":79,"column":8},"end":{"line":79,"column":26}},{"start":{"line":79,"column":26},"end":{"line":79,"column":53}}],"line":79},"6":{"loc":{"start":{"line":84,"column":4},"end":{"line":85,"column":null}},"type":"if","locations":[{"start":{"line":84,"column":4},"end":{"line":85,"column":null}},{"start":{},"end":{}}],"line":84},"7":{"loc":{"start":{"line":84,"column":8},"end":{"line":84,"column":53}},"type":"binary-expr","locations":[{"start":{"line":84,"column":8},"end":{"line":84,"column":32}},{"start":{"line":84,"column":32},"end":{"line":84,"column":53}}],"line":84},"8":{"loc":{"start":{"line":89,"column":4},"end":{"line":91,"column":null}},"type":"if","locations":[{"start":{"line":89,"column":4},"end":{"line":91,"column":null}},{"start":{},"end":{}}],"line":89},"9":{"loc":{"start":{"line":89,"column":8},"end":{"line":89,"column":60}},"type":"binary-expr","locations":[{"start":{"line":89,"column":8},"end":{"line":89,"column":42}},{"start":{"line":89,"column":46},"end":{"line":89,"column":60}}],"line":89},"10":{"loc":{"start":{"line":91,"column":6},"end":{"line":91,"column":null}},"type":"if","locations":[{"start":{"line":91,"column":6},"end":{"line":91,"column":null}},{"start":{},"end":{}}],"line":91},"11":{"loc":{"start":{"line":105,"column":17},"end":{"line":105,"column":null}},"type":"binary-expr","locations":[{"start":{"line":105,"column":17},"end":{"line":105,"column":37}},{"start":{"line":105,"column":37},"end":{"line":105,"column":null}}],"line":105},"12":{"loc":{"start":{"line":106,"column":4},"end":{"line":106,"column":null}},"type":"if","locations":[{"start":{"line":106,"column":4},"end":{"line":106,"column":null}},{"start":{},"end":{}}],"line":106},"13":{"loc":{"start":{"line":110,"column":4},"end":{"line":126,"column":null}},"type":"if","locations":[{"start":{"line":110,"column":4},"end":{"line":126,"column":null}},{"start":{},"end":{}}],"line":110},"14":{"loc":{"start":{"line":110,"column":8},"end":{"line":110,"column":68}},"type":"binary-expr","locations":[{"start":{"line":110,"column":8},"end":{"line":110,"column":38}},{"start":{"line":110,"column":38},"end":{"line":110,"column":68}}],"line":110},"15":{"loc":{"start":{"line":112,"column":6},"end":{"line":117,"column":null}},"type":"if","locations":[{"start":{"line":112,"column":6},"end":{"line":117,"column":null}},{"start":{},"end":{}}],"line":112},"16":{"loc":{"start":{"line":119,"column":6},"end":{"line":120,"column":null}},"type":"if","locations":[{"start":{"line":119,"column":6},"end":{"line":120,"column":null}},{"start":{},"end":{}}],"line":119},"17":{"loc":{"start":{"line":129,"column":4},"end":{"line":145,"column":null}},"type":"if","locations":[{"start":{"line":129,"column":4},"end":{"line":145,"column":null}},{"start":{},"end":{}}],"line":129},"18":{"loc":{"start":{"line":131,"column":6},"end":{"line":136,"column":null}},"type":"if","locations":[{"start":{"line":131,"column":6},"end":{"line":136,"column":null}},{"start":{},"end":{}}],"line":131},"19":{"loc":{"start":{"line":138,"column":6},"end":{"line":139,"column":null}},"type":"if","locations":[{"start":{"line":138,"column":6},"end":{"line":139,"column":null}},{"start":{},"end":{}}],"line":138},"20":{"loc":{"start":{"line":148,"column":4},"end":{"line":164,"column":null}},"type":"if","locations":[{"start":{"line":148,"column":4},"end":{"line":164,"column":null}},{"start":{},"end":{}}],"line":148},"21":{"loc":{"start":{"line":148,"column":8},"end":{"line":148,"column":82}},"type":"binary-expr","locations":[{"start":{"line":148,"column":8},"end":{"line":148,"column":45}},{"start":{"line":148,"column":45},"end":{"line":148,"column":82}}],"line":148},"22":{"loc":{"start":{"line":150,"column":6},"end":{"line":155,"column":null}},"type":"if","locations":[{"start":{"line":150,"column":6},"end":{"line":155,"column":null}},{"start":{},"end":{}}],"line":150},"23":{"loc":{"start":{"line":157,"column":6},"end":{"line":158,"column":null}},"type":"if","locations":[{"start":{"line":157,"column":6},"end":{"line":158,"column":null}},{"start":{},"end":{}}],"line":157},"24":{"loc":{"start":{"line":167,"column":4},"end":{"line":183,"column":null}},"type":"if","locations":[{"start":{"line":167,"column":4},"end":{"line":183,"column":null}},{"start":{},"end":{}}],"line":167},"25":{"loc":{"start":{"line":169,"column":6},"end":{"line":174,"column":null}},"type":"if","locations":[{"start":{"line":169,"column":6},"end":{"line":174,"column":null}},{"start":{},"end":{}}],"line":169},"26":{"loc":{"start":{"line":176,"column":6},"end":{"line":177,"column":null}},"type":"if","locations":[{"start":{"line":176,"column":6},"end":{"line":177,"column":null}},{"start":{},"end":{}}],"line":176},"27":{"loc":{"start":{"line":203,"column":19},"end":{"line":205,"column":null}},"type":"cond-expr","locations":[{"start":{"line":204,"column":10},"end":{"line":204,"column":54}},{"start":{"line":205,"column":10},"end":{"line":205,"column":null}}],"line":203},"28":{"loc":{"start":{"line":206,"column":18},"end":{"line":208,"column":null}},"type":"cond-expr","locations":[{"start":{"line":207,"column":10},"end":{"line":207,"column":53}},{"start":{"line":208,"column":10},"end":{"line":208,"column":null}}],"line":206},"29":{"loc":{"start":{"line":209,"column":27},"end":{"line":211,"column":null}},"type":"cond-expr","locations":[{"start":{"line":210,"column":10},"end":{"line":210,"column":47}},{"start":{"line":211,"column":10},"end":{"line":211,"column":null}}],"line":209},"30":{"loc":{"start":{"line":230,"column":17},"end":{"line":230,"column":null}},"type":"binary-expr","locations":[{"start":{"line":230,"column":17},"end":{"line":230,"column":35}},{"start":{"line":230,"column":35},"end":{"line":230,"column":null}}],"line":230},"31":{"loc":{"start":{"line":231,"column":23},"end":{"line":231,"column":49}},"type":"binary-expr","locations":[{"start":{"line":231,"column":23},"end":{"line":231,"column":47}},{"start":{"line":231,"column":47},"end":{"line":231,"column":49}}],"line":231},"32":{"loc":{"start":{"line":232,"column":18},"end":{"line":232,"column":null}},"type":"binary-expr","locations":[{"start":{"line":232,"column":18},"end":{"line":232,"column":37}},{"start":{"line":232,"column":37},"end":{"line":232,"column":null}}],"line":232},"33":{"loc":{"start":{"line":238,"column":8},"end":{"line":238,"column":56}},"type":"cond-expr","locations":[{"start":{"line":238,"column":31},"end":{"line":238,"column":45}},{"start":{"line":238,"column":45},"end":{"line":238,"column":56}}],"line":238}},"s":{"0":1,"1":1,"2":20,"3":2,"4":18,"5":3,"6":15,"7":1,"8":14,"9":1,"10":13,"11":11,"12":11,"13":10,"14":3,"15":11,"16":11,"17":1,"18":10,"19":10,"20":4,"21":4,"22":4,"23":1,"24":3,"25":2,"26":1,"27":6,"28":2,"29":2,"30":2,"31":0,"32":2,"33":1,"34":1,"35":4,"36":2,"37":2,"38":2,"39":1,"40":1,"41":1,"42":0,"43":2,"44":2,"45":2,"46":2,"47":0,"48":2,"49":1,"50":1,"51":0,"52":3,"53":3,"54":3,"55":3,"56":2,"57":2,"58":1,"59":1},"f":{"0":20,"1":11,"2":4,"3":2,"4":2,"5":2,"6":3},"b":{"0":[2,18],"1":[2,1],"2":[3,15],"3":[18,16],"4":[1,14],"5":[15,15],"6":[1,13],"7":[14,1],"8":[11,2],"9":[13,11],"10":[10,1],"11":[11,1],"12":[1,10],"13":[4,6],"14":[10,7],"15":[1,3],"16":[2,1],"17":[2,4],"18":[0,2],"19":[1,1],"20":[2,2],"21":[4,2],"22":[1,1],"23":[1,0],"24":[2,0],"25":[0,2],"26":[1,1],"27":[3,0],"28":[3,0],"29":[3,0],"30":[2,0],"31":[3,0],"32":[3,0],"33":[1,0]},"meta":{"lastBranch":34,"lastFunction":7,"lastStatement":60,"seen":{"s:17:26:37:2":0,"s:40:26:47:2":1,"f:55:8:55:Infinity":0,"b:62:4:67:Infinity:undefined:undefined:undefined:undefined":0,"s:62:4:67:Infinity":2,"s:63:6:67:Infinity":3,"b:65:24:65:40:65:40:65:54":1,"b:71:4:72:Infinity:undefined:undefined:undefined:undefined":2,"s:71:4:72:Infinity":4,"b:71:8:71:42:71:46:71:68":3,"s:72:6:72:Infinity":5,"b:79:4:80:Infinity:undefined:undefined:undefined:undefined":4,"s:79:4:80:Infinity":6,"b:79:8:79:26:79:26:79:53":5,"s:80:6:80:Infinity":7,"b:84:4:85:Infinity:undefined:undefined:undefined:undefined":6,"s:84:4:85:Infinity":8,"b:84:8:84:32:84
[...]
237,"column":null}},"line":205},"10":{"name":"(anonymous_10)","decl":{"start":{"line":240,"column":16},"end":{"line":240,"column":null}},"loc":{"start":{"line":242,"column":29},"end":{"line":291,"column":null}},"line":242},"11":{"name":"(anonymous_11)","decl":{"start":{"line":294,"column":16},"end":{"line":294,"column":null}},"loc":{"start":{"line":296,"column":29},"end":{"line":363,"column":null}},"line":296},"12":{"name":"(anonymous_12)","decl":{"start":{"line":366,"column":16},"end":{"line":366,"column":null}},"loc":{"start":{"line":368,"column":29},"end":{"line":389,"column":null}},"line":368},"13":{"name":"(anonymous_13)","decl":{"start":{"line":392,"column":16},"end":{"line":392,"column":null}},"loc":{"start":{"line":394,"column":29},"end":{"line":437,"column":null}},"line":394},"14":{"name":"(anonymous_14)","decl":{"start":{"line":430,"column":16},"end":{"line":430,"column":25}},"loc":{"start":{"line":430,"column":31},"end":{"line":430,"column":50}},"line":430},"15":{"name":"(anonymous_15)","decl":{"start":{"line":440,"column":2},"end":{"line":440,"column":10}},"loc":{"start":{"line":444,"column":29},"end":{"line":493,"column":null}},"line":444},"16":{"name":"(anonymous_16)","decl":{"start":{"line":445,"column":15},"end":{"line":445,"column":24}},"loc":{"start":{"line":445,"column":36},"end":{"line":493,"column":null}},"line":445},"17":{"name":"(anonymous_17)","decl":{"start":{"line":452,"column":20},"end":{"line":452,"column":37}},"loc":{"start":{"line":452,"column":37},"end":{"line":455,"column":17}},"line":452},"18":{"name":"(anonymous_18)","decl":{"start":{"line":457,"column":21},"end":{"line":457,"column":30}},"loc":{"start":{"line":457,"column":48},"end":{"line":463,"column":null}},"line":457},"19":{"name":"(anonymous_19)","decl":{"start":{"line":465,"column":21},"end":{"line":465,"column":30}},"loc":{"start":{"line":465,"column":48},"end":{"line":470,"column":null}},"line":465},"20":{"name":"(anonymous_20)","decl":{"start":{"line":472,"column":14},"end":{"line":472,"column":24}},"loc":{"start":{"line":472,"column":33},"end":{"line":487,"column":null}},"line":472},"21":{"name":"(anonymous_21)","decl":{"start":{"line":489,"column":14},"end":{"line":489,"column":24}},"loc":{"start":{"line":489,"column":32},"end":{"line":492,"column":null}},"line":489}},"branchMap":{"0":{"loc":{"start":{"line":133,"column":4},"end":{"line":149,"column":null}},"type":"switch","locations":[{"start":{"line":134,"column":6},"end":{"line":135,"column":null}},{"start":{"line":136,"column":6},"end":{"line":137,"column":null}},{"start":{"line":138,"column":6},"end":{"line":139,"column":null}},{"start":{"line":140,"column":6},"end":{"line":141,"column":null}},{"start":{"line":142,"column":6},"end":{"line":143,"column":null}},{"start":{"line":144,"column":6},"end":{"line":145,"column":null}},{"start":{"line":146,"column":6},"end":{"line":147,"column":null}},{"start":{"line":148,"column":6},"end":{"line":149,"column":null}}],"line":133},"1":{"loc":{"start":{"line":168,"column":18},"end":{"line":168,"column":null}},"type":"binary-expr","locations":[{"start":{"line":168,"column":18},"end":{"line":168,"column":44}},{"start":{"line":168,"column":44},"end":{"line":168,"column":null}}],"line":168},"2":{"loc":{"start":{"line":170,"column":21},"end":{"line":170,"column":null}},"type":"binary-expr","locations":[{"start":{"line":170,"column":21},"end":{"line":170,"column":53}},{"start":{"line":170,"column":53},"end":{"line":170,"column":null}}],"line":170},"3":{"loc":{"start":{"line":172,"column":4},"end":{"line":173,"column":null}},"type":"if","locations":[{"start":{"line":172,"column":4},"end":{"line":173,"column":null}},{"start":{},"end":{}}],"line":172},"4":{"loc":{"start":{"line":172,"column":8},"end":{"line":172,"column":27}},"type":"binary-expr","locations":[{"start":{"line":172,"column":8},"end":{"line":172,"column":17}},{"start":{"line":172,"column":17},"end":{"line":172,"column":27}}],"line":172},"5":{"loc":{"start":{"line":194,"column":21},"end":{"line":194,"column":null}},"type":"binary-expr","locations":[{"start":{"line":194,"column":21},"end":{"line":194,"column":53}},{"start":{"line":194,"column":53},"end":{"line":194,"column":null}}],"line":194},"6":{"loc":{"start":{"line":196,"column":4},"end":{"line":197,"column":null}},"type":"if","locations":[{"start":{"line":196,"column":4},"end":{"line":197,"column":null}},{"start":{},"end":{}}],"line":196},"7":{"loc":{"start":{"line":207,"column":19},"end":{"line":207,"column":null}},"type":"binary-expr","locations":[{"start":{"line":207,"column":19},"end":{"line":207,"column":46}},{"start":{"line":207,"column":46},"end":{"line":207,"column":null}}],"line":207},"8":{"loc":{"start":{"line":209,"column":4},"end":{"line":210,"column":null}},"type":"if","locations":[{"start":{"line":209,"column":4},"end":{"line":210,"column":null}},{"start":{},"end":{}}],"line":209},"9":{"loc":{"start":{"line":219,"column":4},"end":{"line":223,"column":null}},"type":"if","locations":[{"start":{"line":219,"column":4},"end":{"line":223,"column":null}},{"start":{},"end":{}}],"line":219},"10":{"loc":{"start":{"line":234,"column":20},"end":{"line":234,"column":null}},"type":"cond-expr","locations":[{"start":{"line":234,"column":35},"end":{"line":234,"column":62}},{"start":{"line":234,"column":65},"end":{"line":234,"column":null}}],"line":234},"11":{"loc":{"start":{"line":235,"column":25},"end":{"line":235,"column":null}},"type":"cond-expr","locations":[{"start":{"line":235,"column":37},"end":{"line":235,"column":61}},{"start":{"line":235,"column":64},"end":{"line":235,"column":null}}],"line":235},"12":{"loc":{"start":{"line":244,"column":18},"end":{"line":244,"column":null}},"type":"binary-expr","locations":[{"start":{"line":244,"column":18},"end":{"line":244,"column":44}},{"start":{"line":244,"column":44},"end":{"line":244,"column":null}}],"line":244},"13":{"loc":{"start":{"line":246,"column":21},"end":{"line":246,"column":null}},"type":"binary-expr","locations":[{"start":{"line":246,"column":21},"end":{"line":246,"column":53}},{"start":{"line":246,"column":53},"end":{"line":246,"column":null}}],"line":246},"14":{"loc":{"start":{"line":248,"column":4},"end":{"line":249,"column":null}},"type":"if","locations":[{"start":{"line":248,"column":4},"end":{"line":249,"column":null}},{"start":{},"end":{}}],"line":248},"15":{"loc":{"start":{"line":248,"column":8},"end":{"line":248,"column":28}},"type":"binary-expr","locations":[{"start":{"line":248,"column":8},"end":{"line":248,"column":17}},{"start":{"line":248,"column":17},"end":{"line":248,"column":28}}],"line":248},"16":{"loc":{"start":{"line":282,"column":4},"end":{"line":289,"column":null}},"type":"if","locations":[{"start":{"line":282,"column":4},"end":{"line":289,"column":null}},{"start":{},"end":{}}],"line":282},"17":{"loc":{"start":{"line":298,"column":18},"end":{"line":298,"column":null}},"type":"binary-expr","locations":[{"start":{"line":298,"column":18},"end":{"line":298,"column":44}},{"start":{"line":298,"column":44},"end":{"line":298,"column":null}}],"line":298},"18":{"loc":{"start":{"line":302,"column":20},"end":{"line":302,"column":null}},"type":"binary-expr","locations":[{"start":{"line":302,"column":20},"end":{"line":302,"column":48}},{"start":{"line":302,"column":48},"end":{"line":302,"column":null}}],"line":302},"19":{"loc":{"start":{"line":303,"column":21},"end":{"line":303,"column":null}},"type":"binary-expr","locations":[{"start":{"line":303,"column":21},"end":{"line":303,"column":53}},{"start":{"line":303,"column":53},"end":{"line":303,"column":null}}],"line":303},"20":{"loc":{"start":{"line":305,"column":4},"end":{"line":306,"column":null}},"type":"if","locations":[{"start":{"line":305,"column":4},"end":{"line":306,"column":null}},{"start":{},"end":{}}],"line":305},"21":{"loc":{"start":{"line":305,"column":8},"end":{"line":305,"column":27}},"type":"binary-expr","locations":[{"start":{"line":305,"column":8},"end":{"line":305,"column":17}},{"start":{"line":305,"column":17},"end":{"line":305,"column":27}}],"line":305},"22":{"loc":{"start":{"line":312,"column":4},"end":{"line":314,"column":null}},"type":"if","locations":[{"start":{"line":312,"column":4},"end":{"line":314,"column":null}},{"start":{},"end":{}}],"line":312},"23":{"loc":{"start":{"line":312,"column":8},"end":{"line":312,"column":37}},"type":"binary-expr","locations":[{"start":{"line":312,"column":8},"end":{"line":312,"column":22}},{"start":{"line":312,"column":22},"end":{"line":312,"column":37}}],"line":312},"24":{"loc":{"start":{"line":318,"column":4},"end":{"line":338,"column":null}},"type":"switch","locations":[{"start":{"line":319,"column":6},"end":{"line":321,"column":null}},{"start":{"line":322,"column":6},"end":{"line":324,"column":null}},{"start":{"line":325,"column":6},"end":{"line":327,"column":null}},{"start":{"line":328,"column":6},"end":{"line":330,"column":null}},{"start":{"line":331,"column":6},"end":{"line":333,"column":null}},{"start":{"line":334,"column":6},"end":{"line":336,"column":null}},{"start":{"line":337,"column":6},"end":{"line":338,"column":null}}],"line":318},"25":{"loc":{"start":{"line":354,"column":4},"end":{"line":361,"column":null}},"type":"if","locations":[{"start":{"line":354,"column":4},"end":{"line":361,"column":null}},{"start":{},"end":{}}],"line":354},"26":{"loc":{"start":{"line":370,"column":18},"end":{"line":370,"column":null}},"type":"binary-expr","locations":[{"start":{"line":370,"column":18},"end":{"line":370,"column":44}},{"start":{"line":370,"column":44},"end":{"line":370,"column":null}}],"line":370},"27":{"loc":{"start":{"line":372,"column":21},"end":{"line":372,"column":null}},"type":"binary-expr","locations":[{"start":{"line":372,"column":21},"end":{"line":372,"column":53}},{"start":{"line":372,"column":53},"end":{"line":372,"column":null}}],"line":372},"28":{"loc":{"start":{"line":374,"column":4},"end":{"line":375,"column":null}},"type":"if","locations":[{"start":{"line":374,"column":4},"end":{"line":375,"column":null}},{"start":{},"end":{}}],"line":374},"29":{"loc":{"start":{"line":374,"column":8},"end":{"line":374,"column":26}},"type":"binary-expr","locations":[{"start":{"line":374,"column":8},"end":{"line":374,"column":17}},{"start":{"line":374,"column":17},"end":{"line":374,"column":26}}],"line":374},"30":{"loc":{"start":{"line":396,"column":18},"end":{"line":396,"column":null}},"type":"binary-expr","locations":[{"start":{"line":396,"column":18},"end":{"line":396,"column":44}},{"start":{"line":396,"column":44},"end":{"line":396,"column":null}}],"line":396},"31":{"loc":{"start":{"line":397,"column":21},"end":{"line":397,"column":null}},"type":"binary-expr","locations":[{"start":{"line":397,"column":21},"end":{"line":397,"column":53}},{"start":{"line":397,"column":53},"end":{"line":397,"column":null}}],"line":397},"32":{"loc":{"start":{"line":399,"column":4},"end":{"line":400,"column":null}},"type":"if","locations":[{"start":{"line":399,"column":4},"end":{"line":400,"column":null}},{"start":{},"end":{}}],"line":399},"33":{"loc":{"start":{"line":421,"column":6},"end":{"line":426,"column":null}},"type":"if","locations":[{"start":{"line":421,"column":6},"end":{"line":426,"column":null}},{"start":{},"end":{}}],"line":421},"34":{"loc":{"start":{"line":459,"column":8},"end":{"line":461,"column":null}},"type":"if","locations":[{"start":{"line":459,"column":8},"end":{"line":461,"column":null}},{"start":{},"end":{}}],"line":459},"35":{"loc":{"start":{"line":467,"column":8},"end":{"line":468,"column":null}},"type":"if","locations":[{"start":{"line":467,"column":8},"end":{"line":468,"column":null}},{"start":{},"end":{}}],"line":467},"36":{"loc":{"start":{"line":474,"column":8},"end":{"line":485,"column":null}},"type":"if","locations":[{"start":{"line":474,"column":8},"end":{"line":485,"column":null}},{"start":{"line":480,"column":15},"end":{"line":485,"column":null}}],"line":474},"37":{"loc":{"start":{"line":483,"column":46},"end":{"line":483,"column":57}},"type":"binary-expr","locations":[{"start":{"line":483,"column":46},"end":{"line":483,"column":54}},{"start":{"line":483,"column":54},"end":{"line":483,"column":57}}],"line":483},"38":{"loc":{"start":{"line":484,"column":19},"end":{"line":484,"column":null}},"type":"cond-expr","locations":[{"start":{"line":484,"column":32},"end":{"line":484,"column":55}},{"start":{"line":484,"column":55},"end":{"line":484,"column":null}}],"line":484}},"s":{"0":0,"1":0,"2":0,"3":0,"4":0,"5":0,"6":0,"7":0,"8":0,"9":0,"10":0,"11":0,"12":0,"13":0,"14":0,"15":0,"16":0,"17":0,"18":0,"19":0,"20":0,"21":0,"22":0,"23":0,"24":0,"25":0,"26":0,"27":0,"28":0,"29":0,"30":0,"31":0,"32":0,"33":0,"34":0,"35":0,"36":0,"37":0,"38":0,"39":0,"40":0,"41":0,"42":0,"43":0,"44":0,"45":0,"46":0,"47":0,"48":0,"49":0,"50":0,"51":0,"52":0,"53":0,"54":0,"55":0,"56":0,"57":0,"58":0,"59":0,"60":0,"61":0,"62":0,"63":0,"64":0,"65":0,"66":0,"67":0,"68":0,"69":0,"70":0,"71":0,"72":0,"73":0,"74":0,"75":0,"76":0,"77":0,"78":0,"79":0,"80":0,"81":0,"82":0,"83":0,"84":0,"85":0,"86":0,"87":0,"88":0,"89":0,"90":0,"91":0,"92":0,"93":0,"94":0,"95":0,"96":0,"97":0,"98":0,"99":0,"100":0,"101":0,"102":0,"103":0,"104":0,"105":0,"106":0,"107":0,"108":0,"109":0,"110":0,"111":0,"112":0,"113":0,"114":0,"115":0,"116":0,"117":0,"118":0,"119":0,"120":0,"121":0,"122":0,"123":0,"124":0,"125":0,"126":0,"127":0,"128":0,"129":0},"f":{"0":0,"1":0,"2":0,"3":0,"4":0,"5":0,"6":0,"7":0,"8":0,"9":0,"10":0,"11":0,"12":0,"13":0,"14":0,"15":0,"16":0,"17":0,"18":0,"19":0,"20":0,"21":0},"b":{"0":[0,0,0,0,0,0,0,0],"1":[0,0],"2":[0,0],"3":[0,0],"4":[0,0],"5":[0,0],"6":[0,0],"7":[0,0],"8":[0,0],"9":[0,0],"10":[0,0],"11":[0,0],"12":[0,0],"13":[0,0],"14":[0,0],"15":[0,0],"16":[0,0],"17":[0,0],"18":[0,0],"19":[0,0],"20":[0,0],"21":[0,0],"22":[0,0],"23":[0,0],"24":[0,0,0,0,0,0,0],"25":[0,0],"26":[0,0],"27":[0,0],"28":[0,0],"29":[0,0],"30":[0,0],"31":[0,0],"32":[0,0],"33":[0,0],"34":[0,0],"35":[0,0],"36":[0,0],"37":[0,0],"38":[0,0]},"meta":{"lastBranch":39,"lastFunction":22,"lastStatement":130,"seen":{"s:10:9:10:Infinity":0,"s:11:23:11:Infinity":1,"f:13:8:13:33":0,"s:14:4:14:Infinity":2,"f:17:8:17:36":1,"s:18:4:18:Infinity":3,"f:21:2:21:25":2,"s:22:4:22:Infinity":4,"f:25:2:25:31":3,"s:26:4:122:Infinity":5,"f:125:8:125:Infinity":4,"s:130:24:131:Infinity":6,"f:131:29:131:37":5,"s:131:45:131:63":7,"b:134:6:135:Infinity:136:6:137:Infinity:138:6:139:Infinity:140:6:141:Infinity:142:6:143:Infinity:144:6:145:Infinity:146:6:147:Infinity:148:6:149:Infinity":0,"s:133:4:149:Infinity":8,"s:135:8:135:Infinity":9,"s:137:8:137:Infinity":10,"s:139:8:139:Infinity":11,"s:141:8:141:Infinity":12,"s:143:8:143:Infinity":13,"s:145:8:145:Infinity":14,"s:147:8:147:Infinity":15,"s:149:8:149:Infinity":16,"f:153:8:153:49":6,"s:154:4:161:Infinity":17,"f:164:16:164:Infinity":7,"s:167:17:167:Infinity":18,"s:168:18:168:Infinity":19,"b:168:18:168:44:168:44:168:Infinity":1,"s:169:20:169:Infinity":20,"s:170:21:170:Infinity":21,"b:170:21:170:53:170:53:170:Infinity":2,"b:172:4:173:Infinity:undefined:undefined:undefined:undefined":3,"s:172:4:173:Infinity":22,"b:172:8:172:17:172:17:172:27":4,"s:173:6:173:Infinity":23,"s:176:4:187:Infinity":24,"f:190:16:190:Infinity":8,"s:193:20:193:Infinity":25,"s:194:21:194:Infinity":26,"b:194:21:194:53:194:53:194:Infinity":5,"b:196:4:197:Infinity:undefined:undefined:undefined:undefined":6,"s:196:4:197:Infinity":27,"s:197:6:197:Infinity":28,"s:200:4:200:Infinity":29,"f:203:16:203:Infinity":9,"s:206:17:206:Infinity":30,"s:207:19:207:Infinity":31,"b:207:19:207:46:207:46:207:Infinity":7,"b:209:4:210:Infinity:undefined:undefined:undefined:undefined":8,"s:209:4:210:Infinity":32,"s:210:6:210:Infinity":33,"s:213:19:216:Infinity":34,"b:219:4:223:Infinity:undefined:undefined:undefined:undefined":9,"s:219:4:223:Infinity":35,"s:220:6:223:Infinity":36,"s:226:20:226:Infinity":37,"s:227:22:227:66":38,"s:228:25:228:83":39,"s:230:4:237:Infinity":40,"b:234:35:234:62:234:65:234:Infinity":10,"b:235:37:235:61:235:64:235:Infinity":11,"f:240:16:240:Infinity":10,"s:243:17:243:Infinity":41,"s:244:18:244:Infinity":42,"b:244:18:244:44:244:44:244:Infinity":12,"s:245:21:245:Infinity":43,"s:246:21:246:Infinity":44,"b:246:21:246:53:246:53:246:Infinity":13,"b:248:4:249:Infinity:undefined:undefined:undefined:undefined":14,"s:248:4:249:Infinity":45,"b:248:8:248:17:248:17:248:28":15,"s:249:6:249:Infinity":46,"s:253:19:262:Infinity":47,"s:269:19:279:Infinity":48,"b:282:4:289:Infinity:undefined:undefined:undefined:undefined":16,"s:282:4:289:Infinity":49,"s:283:6:289:Infinity":50,"s:291:4:291:Infinity":51,"f:294:16:294:Infinity":11,"s:297:17:297:Infinity":52,"s:298:18:298:Infinity":53,"b:298:18:298:44:298:44:298:Infinity":17,"s:299:20:299:Infinity":54,"s:300:23:300:Infinity":55,"s:301:26:301:Infinity":56,"s:302:20:302:Infinity":57,"b:302:20:302:48:302:48:302:Infinity":18,"s:303:21:303:Infinity":58,"b:303:21:303:53:303:53:303:Infinity":19,"b:305:4:306:Infinity:undefined:undefined:undefined:undefined":20,"s:305:4:306:Infinity":59,"b:305:8:305:17:305:17:305:27":21,"s:306:6:306:Infinity":60,"s:309:17:309:Infinity":61,"b:312:4:314:Infinity:undefined:undefined:undefined:undefined":22,"s:312:4:314:Infinity":62,"b:312:8:312:22:312:22:312:37":23,"s:313:22:313:58":63,"s:314:6:314:Infinity":64,"b:319:6:321:Infinity:322:6:324:Infinity:325:6:327:Infinity:328:6:330:Infinity:331:6:333:Infinity:334:6:336:Infinity:337:6:338:Infinity":24,"s:318:4:338:Infinity":65,"s:320:8:320:Infinity":66,"s:321:8:321:Infinity":67,"s:323:8:323:Infinity":68,"s:324:8:324:Infinity":69,"s:326:8:326:Infinity":70,"s:327:8:327:Infinity":71,"s:329:8:329:Infinity":72,"s:330:8:330:Infinity":73,"s:332:8:332:Infinity":74,"s:333:8:333:Infinity":75,"s:335:8:335:Infinity":76,"s:336:8:336:Infinity":77,"s:338:8:338:Infinity":78,"s:341:19:351:Infinity":79,"b:354:4:361:Infinity:undefined:undefined:undefined:undefined":25,"s:354:4:361:Infinity":80,"s:355:6:361:Infinity":81,"s:363:4:363:Infinity":82,"f:366:16:366:Infinity":12,"s:369:17:369:Infinity":83,"s:370:18:370:Infinity":84,"b:370:18:370:44:370:44:370:Infinity":26,"s:371:19:371:Infinity":85,"s:372:21:372:Infinity":86,"b:372:21:372:53:372:53:372:Infinity":27,"b:374:4:375:Infinity:undefined:undefined:undefined:undefined":28,"s:374:4:375:Infinity":87,"b:374:8:374:17:374:17:374:26":29,"s:375:6:375:Infinity":88,"s:378:4:389:Infinity":89,"f:392:16:392:Infinity":13,"s:395:17:395:Infinity":90,"s:396:18:396:Infinity":91,"b:396:18:396:44:396:44:396:Infinity":30,"s:397:21:397:Infinity":92,"b:397:21:397:53:397:53:397:Infinity":31,"b:399:4:400:Infinity:undefined:undefined:undefined:undefined":32,"s:399:4:400:Infinity":93,"s:400:6:400:Infinity":94,"s:403:18:403:28":95,"s:404:21:404:Infinity":96,"s:406:4:430:Infinity":97,"s:407:21:418:Infinity":98,"b:421:6:426:Infinity:undefined:undefined:undefined:undefined":33,"s:421:6:426:Infinity":99,"s:422:14:422:Infinity":100,"s:423:8:426:Infinity":101,"s:430:6:430:Infinity":102,"f:430:16:430:25":14,"s:430:31:430:50":103,"s:433:4:437:Infinity":104,"f:440:2:440:10":15,"s:445:4:493:Infinity":105,"f:445:15:445:24":16,"s:446:19:446:Infinity":106,"s:447:19:447:Infinity":107,"s:448:19:448:Infinity":108,"s:450:12:450:74":109,"s:452:20:455:17":110,"f:452:20:452:37":17,"s:453:8:453:Infinity":111,"s:454:8:454:Infinity":112,"s:457:6:463:Infinity":113,"f:457:21:457:30":18,"s:458:8:458:Infinity":114,"b:459:8:461:Infinity:undefined:undefined:undefined:undefined":34,"s:459:8:461:Infinity":115,"s:460:10:460:Infinity":116,"s:461:10:461:Infinity":117,"s:465:6:470:Infinity":118,"f:465:21:465:30":19,"s:466:8:466:Infinity":119,"b:467:8:468:Infinity:undefined:undefined:undefined:undefined":35,"s:467:8:468:Infinity":120,"s:468:10:468:Infinity":121,"s:472:6:487:Infinity":122,"f:472:14:472:24":20,"s:473:8:473:Infinity":123,"b:474:8:485:Infinity:480:15:485:Infinity":36,"s:474:8:485:Infinity":124,"s:475:10:479:Infinity":125,"s:481:10:485:Infinity":126,"b:483:46:483:54:483:54:483:57":37,"b:484:32:484:55:484:55:484:Infinity":38,"s:489:6:492:Infinity":127,"f:489:14:489:24":21,"s:490:8:490:Infinity":128,"s:491:8:491:Infinity":129}}}
}
